Using pre-set license
Built from '2021.3/staging' branch; Version is '2021.3.20f1 (577897200b8b) revision 5732503'; Using compiler version '192829333'; Build Type 'Release'
OS: 'Windows 10  (10.0.19045) 64bit Professional' Language: 'en' Physical Memory: 16269 MB
BatchMode: 1, IsHumanControllingUs: 0, StartBugReporterOnCrash: 0, Is64bit: 1, IsPro: 1

COMMAND LINE ARGUMENTS:
D:\Unity Engines\Unity Editors\unity 2021.3.20f1\2021.3.20f1\Editor\Unity.exe
-adb2
-batchMode
-noUpm
-name
AssetImportWorker0
-projectPath
D:/Unity Projects/VR Fire extinguisher pro
-logFile
Logs/AssetImportWorker0.log
-srvPort
61701
Successfully changed project path to: D:/Unity Projects/VR Fire extinguisher pro
D:/Unity Projects/VR Fire extinguisher pro
[UnityMemory] Configuration Parameters - Can be set up in boot.config
    "memorysetup-bucket-allocator-granularity=16"
    "memorysetup-bucket-allocator-bucket-count=8"
    "memorysetup-bucket-allocator-block-size=33554432"
    "memorysetup-bucket-allocator-block-count=8"
    "memorysetup-main-allocator-block-size=16777216"
    "memorysetup-thread-allocator-block-size=16777216"
    "memorysetup-gfx-main-allocator-block-size=16777216"
    "memorysetup-gfx-thread-allocator-block-size=16777216"
    "memorysetup-cache-allocator-block-size=4194304"
    "memorysetup-typetree-allocator-block-size=2097152"
    "memorysetup-profiler-bucket-allocator-granularity=16"
    "memorysetup-profiler-bucket-allocator-bucket-count=8"
    "memorysetup-profiler-bucket-allocator-block-size=33554432"
    "memorysetup-profiler-bucket-allocator-block-count=8"
    "memorysetup-profiler-allocator-block-size=16777216"
    "memorysetup-profiler-editor-allocator-block-size=1048576"
    "memorysetup-temp-allocator-size-main=16777216"
    "memorysetup-job-temp-allocator-block-size=2097152"
    "memorysetup-job-temp-allocator-block-size-background=1048576"
    "memorysetup-job-temp-allocator-reduction-small-platforms=262144"
    "memorysetup-temp-allocator-size-background-worker=32768"
    "memorysetup-temp-allocator-size-job-worker=262144"
    "memorysetup-temp-allocator-size-preload-manager=33554432"
    "memorysetup-temp-allocator-size-nav-mesh-worker=65536"
    "memorysetup-temp-allocator-size-audio-worker=65536"
    "memorysetup-temp-allocator-size-cloud-worker=32768"
    "memorysetup-temp-allocator-size-gi-baking-worker=262144"
    "memorysetup-temp-allocator-size-gfx=262144"
Player connection [12268] Host "[IP] 10.12.150.136 [Port] 0 [Flags] 2 [Guid] 1527222027 [EditorId] 1527222027 [Version] 1048832 [Id] WindowsEditor(7,DESKTOP-AL09RDO) [Debug] 1 [PackageName] WindowsEditor [ProjectName] Editor" joined multi-casting on [225.0.0.222:54997]...

Player connection [12268] Host "[IP] 10.12.150.136 [Port] 0 [Flags] 2 [Guid] 1527222027 [EditorId] 1527222027 [Version] 1048832 [Id] WindowsEditor(7,DESKTOP-AL09RDO) [Debug] 1 [PackageName] WindowsEditor [ProjectName] Editor" joined alternative multi-casting on [225.0.0.222:34997]...

Refreshing native plugins compatible for Editor in 321.55 ms, found 12 plugins.
Preloading 1 native plugins for Editor in 0.77 ms.
Initialize engine version: 2021.3.20f1 (577897200b8b)
[Subsystems] Discovering subsystems at path D:/Unity Engines/Unity Editors/unity 2021.3.20f1/2021.3.20f1/Editor/Data/Resources/UnitySubsystems
[Subsystems] Discovering subsystems at path D:/Unity Projects/VR Fire extinguisher pro/Assets
GfxDevice: creating device client; threaded=0; jobified=0
Direct3D:
    Version:  Direct3D 11.0 [level 11.1]
    Renderer: NVIDIA GeForce GTX 1070 (ID=0x1ba1)
    Vendor:   NVIDIA
    VRAM:     8074 MB
    Driver:   31.0.15.3141
Shader 'Custom/AdditiveTintable': fallback shader 'Particles/Additive (Soft)' not found
Initialize mono
Mono path[0] = 'D:/Unity Engines/Unity Editors/unity 2021.3.20f1/2021.3.20f1/Editor/Data/Managed'
Mono path[1] = 'D:/Unity Engines/Unity Editors/unity 2021.3.20f1/2021.3.20f1/Editor/Data/MonoBleedingEdge/lib/mono/unityjit-win32'
Mono config path = 'D:/Unity Engines/Unity Editors/unity 2021.3.20f1/2021.3.20f1/Editor/Data/MonoBleedingEdge/etc'
Using monoOptions --debugger-agent=transport=dt_socket,embedding=1,server=y,suspend=n,address=127.0.0.1:56312
Begin MonoManager ReloadAssembly
Registering precompiled unity dll's ...
Register platform support module: D:/Unity Engines/Unity Editors/unity 2021.3.20f1/2021.3.20f1/Editor/Data/PlaybackEngines/WebGLSupport/UnityEditor.WebGL.Extensions.dll
Register platform support module: D:/Unity Engines/Unity Editors/unity 2021.3.20f1/2021.3.20f1/Editor/Data/PlaybackEngines/AndroidPlayer/UnityEditor.Android.Extensions.dll
Register platform support module: D:/Unity Engines/Unity Editors/unity 2021.3.20f1/2021.3.20f1/Editor/Data/PlaybackEngines/iOSSupport/UnityEditor.iOS.Extensions.dll
Register platform support module: D:/Unity Engines/Unity Editors/unity 2021.3.20f1/2021.3.20f1/Editor/Data/PlaybackEngines/WindowsStandaloneSupport/UnityEditor.WindowsStandalone.Extensions.dll
Register platform support module: D:/Unity Engines/Unity Editors/unity 2021.3.20f1/2021.3.20f1/Editor/Data/PlaybackEngines/MetroSupport/UnityEditor.UWP.Extensions.dll
Registered in 0.007811 seconds.
Native extension for UWP target not found
Native extension for WindowsStandalone target not found
Failed to load: D:/Unity Engines/Unity Editors/unity 2021.3.20f1/2021.3.20f1/Editor/Data/PlaybackEngines/iOSSupport\x64\UnityEditor.iOS.Native.dll
Native extension for iOS target not found
Native extension for Android target not found
Win32Exception: The operation completed successfully.
  at System.Diagnostics.Process.Kill () [0x00018] in <111da4cba18442e7addb95bcddc21c3b>:0 
  at (wrapper remoting-invoke-with-check) System.Diagnostics.Process.Kill()
  at UnityEditor.Android.AndroidDeploymentTargetsExtension.GetKnownTargets (UnityEditor.DeploymentTargets.IDeploymentTargetsMainThreadContext context, UnityEditor.ProgressHandler progressHandler) [0x0014a] in <53a24fd937e24f249a40af7ff60927ab>:0 
  at UnityEditor.Android.TargetScanWorker.ScanSync () [0x00039] in <53a24fd937e24f249a40af7ff60927ab>:0 
  at UnityEditor.Android.TargetExtension.OnUsbDevicesChanged (UnityEditor.Hardware.UsbDevice[] usbDevices) [0x00081] in <53a24fd937e24f249a40af7ff60927ab>:0 
  at UnityEditor.Android.TargetExtension.OnLoad () [0x0008d] in <53a24fd937e24f249a40af7ff60927ab>:0 
  at UnityEditor.Modules.ModuleManager.InitializePlatformSupportModules () [0x0009d] in <6e08e61cfda04255b3972ba7f0515fae>:0 

Refreshing native plugins compatible for Editor in 164.51 ms, found 12 plugins.
Preloading 1 native plugins for Editor in 0.06 ms.
Mono: successfully reloaded assembly
- Completed reload, in  1.535 seconds
Domain Reload Profiling:
	ReloadAssembly (1536ms)
		BeginReloadAssembly (141ms)
			ExecutionOrderSort (0ms)
			DisableScriptedObjects (0ms)
			BackupInstance (0ms)
			ReleaseScriptingObjects (0ms)
			CreateAndSetChildDomain (1ms)
		EndReloadAssembly (1250ms)
			LoadAssemblies (141ms)
			RebuildTransferFunctionScriptingTraits (0ms)
			SetupTypeCache (185ms)
			ReleaseScriptCaches (0ms)
			RebuildScriptCaches (46ms)
			SetupLoadedEditorAssemblies (943ms)
				LogAssemblyErrors (0ms)
				InitializePlatformSupportModulesInManaged (563ms)
				SetLoadedEditorAssemblies (0ms)
				RefreshPlugins (165ms)
				BeforeProcessingInitializeOnLoad (2ms)
				ProcessInitializeOnLoadAttributes (146ms)
				ProcessInitializeOnLoadMethodAttributes (66ms)
				AfterProcessingInitializeOnLoad (0ms)
				EditorAssembliesLoaded (0ms)
			ExecutionOrderSort2 (0ms)
			AwakeInstancesAfterBackupRestoration (0ms)
Native extension for UWP target not found
Native extension for WindowsStandalone target not found
Failed to load: D:/Unity Engines/Unity Editors/unity 2021.3.20f1/2021.3.20f1/Editor/Data/PlaybackEngines/iOSSupport\x64\UnityEditor.iOS.Native.dll
Native extension for iOS target not found
Native extension for Android target not found
Native extension for WebGL target not found
Registering precompiled user dll's ...
Registered in 0.010397 seconds.
Begin MonoManager ReloadAssembly
Symbol file LoadedFromMemory doesn't match image D:\Unity Projects\VR Fire extinguisher pro\Library\PackageCache\com.unity.visualscripting@1.7.8\Editor\VisualScripting.Core\Dependencies\DotNetZip\Unity.VisualScripting.IonicZip.dll
Symbol file LoadedFromMemory doesn't match image D:\Unity Projects\VR Fire extinguisher pro\Library\PackageCache\com.unity.visualscripting@1.7.8\Editor\VisualScripting.Core\Dependencies\YamlDotNet\Unity.VisualScripting.YamlDotNet.dll
Native extension for UWP target not found
Native extension for WindowsStandalone target not found
Failed to load: D:/Unity Engines/Unity Editors/unity 2021.3.20f1/2021.3.20f1/Editor/Data/PlaybackEngines/iOSSupport\x64\UnityEditor.iOS.Native.dll
Native extension for iOS target not found
Native extension for Android target not found
Native extension for WebGL target not found
Refreshing native plugins compatible for Editor in 189.71 ms, found 12 plugins.
Preloading 1 native plugins for Editor in 0.08 ms.
Package Manager log level set to [2]
System.Reflection.TargetInvocationException: Exception has been thrown by the target of an invocation. ---> System.NullReferenceException: Object reference not set to an instance of an object
  at Unity.XR.Oculus.OculusLoader.AssetPathToAbsolutePath (System.String assetPath) [0x00041] in D:\Unity Projects\VR Fire extinguisher pro\Library\PackageCache\com.unity.xr.oculus@3.2.3\Runtime\OculusLoader.cs:296 
  at Unity.XR.Oculus.OculusLoader.EditorLoadOVRPlugin () [0x000b0] in D:\Unity Projects\VR Fire extinguisher pro\Library\PackageCache\com.unity.xr.oculus@3.2.3\Runtime\OculusLoader.cs:281 
  at (wrapper managed-to-native) System.Reflection.RuntimeMethodInfo.InternalInvoke(System.Reflection.RuntimeMethodInfo,object,object[],System.Exception&)
  at System.Reflection.RuntimeMethodInfo.Invoke (System.Object obj, System.Reflection.BindingFlags invokeAttr, System.Reflection.Binder binder, System.Object[] parameters, System.Globalization.CultureInfo culture) [0x0006a] in <88e4733ac7bc4ae1b496735e6b83bbd3>:0 
   --- End of inner exception stack trace ---
  at System.Reflection.RuntimeMethodInfo.Invoke (System.Object obj, System.Reflection.BindingFlags invokeAttr, System.Reflection.Binder binder, System.Object[] parameters, System.Globalization.CultureInfo culture) [0x00083] in <88e4733ac7bc4ae1b496735e6b83bbd3>:0 
  at System.Reflection.MethodBase.Invoke (System.Object obj, System.Object[] parameters) [0x00000] in <88e4733ac7bc4ae1b496735e6b83bbd3>:0 
  at UnityEditor.EditorAssemblies.ProcessInitializeOnLoadMethodAttributes () [0x000a5] in <6e08e61cfda04255b3972ba7f0515fae>:0 
UnityEngine.StackTraceUtility:ExtractStackTrace ()
UnityEngine.DebugLogHandler:LogFormat (UnityEngine.LogType,UnityEngine.Object,string,object[])
UnityEngine.Logger:Log (UnityEngine.LogType,object)
UnityEngine.Debug:LogError (object)
UnityEditor.EditorAssemblies:ProcessInitializeOnLoadMethodAttributes ()

Mono: successfully reloaded assembly
- Completed reload, in  2.282 seconds
Domain Reload Profiling:
	ReloadAssembly (2283ms)
		BeginReloadAssembly (193ms)
			ExecutionOrderSort (0ms)
			DisableScriptedObjects (10ms)
			BackupInstance (0ms)
			ReleaseScriptingObjects (0ms)
			CreateAndSetChildDomain (35ms)
		EndReloadAssembly (1933ms)
			LoadAssemblies (166ms)
			RebuildTransferFunctionScriptingTraits (0ms)
			SetupTypeCache (554ms)
			ReleaseScriptCaches (1ms)
			RebuildScriptCaches (138ms)
			SetupLoadedEditorAssemblies (1002ms)
				LogAssemblyErrors (0ms)
				InitializePlatformSupportModulesInManaged (47ms)
				SetLoadedEditorAssemblies (0ms)
				RefreshPlugins (190ms)
				BeforeProcessingInitializeOnLoad (168ms)
				ProcessInitializeOnLoadAttributes (537ms)
				ProcessInitializeOnLoadMethodAttributes (56ms)
				AfterProcessingInitializeOnLoad (4ms)
				EditorAssembliesLoaded (0ms)
			ExecutionOrderSort2 (0ms)
			AwakeInstancesAfterBackupRestoration (7ms)
Platform modules already initialized, skipping
========================================================================
Worker process is ready to serve import requests
Shader 'SH_Vefects_VFX_URP_Heat_Haze_01': fallback shader 'Hidden/Shader Graph/FallbackError' not found
Shader 'SH_Vefects_VFX_URP_Particles_Erosion_01': fallback shader 'Hidden/Shader Graph/FallbackError' not found
Shader 'SH_Vefects_VFX_URP_Particles_Erosion_01': fallback shader 'Hidden/Shader Graph/FallbackError' not found
Shader 'Custom/AdditiveTintable': fallback shader 'Particles/Additive (Soft)' not found
Shader 'SH_Vefects_VFX_URP_Heat_Haze_01': fallback shader 'Hidden/Shader Graph/FallbackError' not found
Launched and connected shader compiler UnityShaderCompiler.exe after 0.11 seconds
Refreshing native plugins compatible for Editor in 1.77 ms, found 12 plugins.
Preloading 1 native plugins for Editor in 0.09 ms.
Unloading 4546 Unused Serialized files (Serialized files now loaded: 0)
Unloading 55 unused Assets / (480.6 KB). Loaded Objects now: 4998.
Memory consumption went from 250.3 MB to 249.8 MB.
Total: 4.055500 ms (FindLiveObjects: 0.390200 ms CreateObjectMapping: 0.352500 ms MarkObjects: 3.076500 ms  DeleteObjects: 0.235400 ms)

AssetImportParameters requested are different than current active one (requested -> active):
  custom:video-decoder-ogg-theora: a1e56fd34408186e4bbccfd4996cb3dc -> 
  custom:container-muxer-webm: aa71ff27fc2769a1b78a27578f13a17b -> 
  custom:container-demuxer-webm: 4f35f7cbe854078d1ac9338744f61a02 -> 
  custom:video-encoder-webm-vp8: eb34c28f22e8b96e1ab97ce403110664 -> 
  custom:audio-encoder-webm-vorbis: bf7c407c2cedff20999df2af8eb42d56 -> 
  custom:framework-win-MediaFoundation: 216162199b28c13a410421893ffa2e32 -> 
  custom:container-demuxer-ogg: 62fdf1f143b41e24485cea50d1cbac27 -> 
  custom:video-decoder-webm-vp8: 9c59270c3fd7afecdb556c50c9e8de78 -> 
  custom:audio-decoder-ogg-vorbis: bf7c407c2cedff20999df2af8eb42d56 -> 
========================================================================
Received Import Request.
  Time since last request: 339369.308819 seconds.
  path: Assets/UBS/Assets/Textures/UBS_Gravel_1_NM.png
  artifactKey: Guid(5f10c1eb38709b0458e1a213b6da77a2) Importer(815301076,1909f56bfc062723c751e8b465ee728b)
Start importing Assets/UBS/Assets/Textures/UBS_Gravel_1_NM.png using Guid(5f10c1eb38709b0458e1a213b6da77a2) Importer(815301076,1909f56bfc062723c751e8b465ee728b)  -> (artifact id: 'cc870158201e92d96253ded23c8cea07') in 0.180391 seconds 
========================================================================
Received Import Request.
  Time since last request: 0.000060 seconds.
  path: Assets/UBS/Assets/Textures/UBS_Corrugated_01A_Normal Map 67.png
  artifactKey: Guid(db27b42aee0efd2478cb1d0f0fb43b76) Importer(815301076,1909f56bfc062723c751e8b465ee728b)
Start importing Assets/UBS/Assets/Textures/UBS_Corrugated_01A_Normal Map 67.png using Guid(db27b42aee0efd2478cb1d0f0fb43b76) Importer(815301076,1909f56bfc062723c751e8b465ee728b)  -> (artifact id: '709e94a91b219b3cf76171bf1247db03') in 0.041419 seconds 
========================================================================
Received Import Request.
  Time since last request: 0.000024 seconds.
  path: Assets/UBS/Assets/Textures/UBS_Crosshair02A_Whi.png
  artifactKey: Guid(290d2b2cb63c76840b430edccdf03e33) Importer(815301076,1909f56bfc062723c751e8b465ee728b)
Start importing Assets/UBS/Assets/Textures/UBS_Crosshair02A_Whi.png using Guid(290d2b2cb63c76840b430edccdf03e33) Importer(815301076,1909f56bfc062723c751e8b465ee728b)  -> (artifact id: '7c2bf84f4e99dcfd2f464fac878b8a2b') in 0.071036 seconds 
========================================================================
Received Import Request.
  Time since last request: 0.000035 seconds.
  path: Assets/UBS/Assets/Textures/UBS_Corrugated_01A 67.png
  artifactKey: Guid(ac104af83db016147b8f1117ae7c1a17) Importer(815301076,1909f56bfc062723c751e8b465ee728b)
Start importing Assets/UBS/Assets/Textures/UBS_Corrugated_01A 67.png using Guid(ac104af83db016147b8f1117ae7c1a17) Importer(815301076,1909f56bfc062723c751e8b465ee728b)  -> (artifact id: '09ae5261610e8b8559b69015aa48e3b2') in 0.036966 seconds 
========================================================================
Received Import Request.
  Time since last request: 0.000019 seconds.
  path: Assets/UBS/Assets/Textures/UBS_StoreSign_Thompsons.png
  artifactKey: Guid(e67bf421e63abef40ab821c3424137a9) Importer(815301076,1909f56bfc062723c751e8b465ee728b)
Start importing Assets/UBS/Assets/Textures/UBS_StoreSign_Thompsons.png using Guid(e67bf421e63abef40ab821c3424137a9) Importer(815301076,1909f56bfc062723c751e8b465ee728b)  -> (artifact id: '8d3315c9d665addae4d8cdf421495f90') in 0.020958 seconds 
========================================================================
Received Import Request.
  Time since last request: 0.000018 seconds.
  path: Assets/UBS/Assets/Textures/UBS_Grass06NM_01A.png
  artifactKey: Guid(6c018089b1c5c7d478ece72ecdf03116) Importer(815301076,1909f56bfc062723c751e8b465ee728b)
Start importing Assets/UBS/Assets/Textures/UBS_Grass06NM_01A.png using Guid(6c018089b1c5c7d478ece72ecdf03116) Importer(815301076,1909f56bfc062723c751e8b465ee728b)  -> (artifact id: '160f30db6ea5efaab1fbfd1301f96d10') in 0.030923 seconds 
========================================================================
Received Import Request.
  Time since last request: 0.000023 seconds.
  path: Assets/UBS/Assets/Textures/Flares/UBS_FlareLightBulb.psd
  artifactKey: Guid(f47826132357f754a8bbf9672a7bc838) Importer(815301076,1909f56bfc062723c751e8b465ee728b)
Start importing Assets/UBS/Assets/Textures/Flares/UBS_FlareLightBulb.psd using Guid(f47826132357f754a8bbf9672a7bc838) Importer(815301076,1909f56bfc062723c751e8b465ee728b)  -> (artifact id: '32636a9ebbc1b23aa95080d4369f1999') in 0.019683 seconds 
========================================================================
Received Import Request.
  Time since last request: 0.000028 seconds.
  path: Assets/UBS/Assets/Textures/UBS_Crosshair02A_Yel.png
  artifactKey: Guid(2d4b1eb3d28536441a2ec238dd89affb) Importer(815301076,1909f56bfc062723c751e8b465ee728b)
Start importing Assets/UBS/Assets/Textures/UBS_Crosshair02A_Yel.png using Guid(2d4b1eb3d28536441a2ec238dd89affb) Importer(815301076,1909f56bfc062723c751e8b465ee728b)  -> (artifact id: '36487db344b48f9f174c37270afcfcca') in 0.051819 seconds 
========================================================================
Received Import Request.
  Time since last request: 0.000030 seconds.
  path: Assets/UBS/Assets/Textures/UBS_Concrete01_Normal Map.png
  artifactKey: Guid(0b2e9eb39498e904e83294864cea47d4) Importer(815301076,1909f56bfc062723c751e8b465ee728b)
Start importing Assets/UBS/Assets/Textures/UBS_Concrete01_Normal Map.png using Guid(0b2e9eb39498e904e83294864cea47d4) Importer(815301076,1909f56bfc062723c751e8b465ee728b)  -> (artifact id: 'ff7ba64450e5d1d1f949d64bb093342e') in 0.030721 seconds 
========================================================================
Received Import Request.
  Time since last request: 0.000031 seconds.
  path: Assets/UBS/Assets/Textures/UBS_Gravel_1.png
  artifactKey: Guid(ceb1339251cbdb543acaa34660632ec5) Importer(815301076,1909f56bfc062723c751e8b465ee728b)
Start importing Assets/UBS/Assets/Textures/UBS_Gravel_1.png using Guid(ceb1339251cbdb543acaa34660632ec5) Importer(815301076,1909f56bfc062723c751e8b465ee728b)  -> (artifact id: '82c0617204e26717856b3bb5ed5b099d') in 0.019944 seconds 
========================================================================
Received Import Request.
  Time since last request: 0.000026 seconds.
  path: Assets/UBS/Assets/Materials/UBS_Corrugated_01A_Normal Map.png
  artifactKey: Guid(e915d9536f17146479c8ae0d12c63ef8) Importer(815301076,1909f56bfc062723c751e8b465ee728b)
Start importing Assets/UBS/Assets/Materials/UBS_Corrugated_01A_Normal Map.png using Guid(e915d9536f17146479c8ae0d12c63ef8) Importer(815301076,1909f56bfc062723c751e8b465ee728b)  -> (artifact id: 'bd575fe8f6218a2a746f1a52457c5c53') in 0.032286 seconds 
========================================================================
Received Import Request.
  Time since last request: 0.000021 seconds.
  path: Assets/UBS/Assets/Textures/UBS_DryDirt01_01A.png
  artifactKey: Guid(8621fe8178c41f642a725e52272d02f0) Importer(815301076,1909f56bfc062723c751e8b465ee728b)
Start importing Assets/UBS/Assets/Textures/UBS_DryDirt01_01A.png using Guid(8621fe8178c41f642a725e52272d02f0) Importer(815301076,1909f56bfc062723c751e8b465ee728b)  -> (artifact id: 'eef0c9aa8ab0f0b407a19c832eb1492a') in 0.034281 seconds 
========================================================================
Received Import Request.
  Time since last request: 0.000020 seconds.
  path: Assets/UBS/Assets/Textures/UBS_BowserFuelPortal_1_NM.png
  artifactKey: Guid(f3129272427c9684e99622985b6bfa8e) Importer(815301076,1909f56bfc062723c751e8b465ee728b)
Start importing Assets/UBS/Assets/Textures/UBS_BowserFuelPortal_1_NM.png using Guid(f3129272427c9684e99622985b6bfa8e) Importer(815301076,1909f56bfc062723c751e8b465ee728b)  -> (artifact id: '1e17ca9af03927d7451e0d86c765faca') in 0.032199 seconds 
========================================================================
Received Import Request.
  Time since last request: 0.000020 seconds.
  path: Assets/UBS/Assets/Textures/UBS_BowserPanel_1.png
  artifactKey: Guid(00954edf2c9b54a4ebed490ba189d3e9) Importer(815301076,1909f56bfc062723c751e8b465ee728b)
Start importing Assets/UBS/Assets/Textures/UBS_BowserPanel_1.png using Guid(00954edf2c9b54a4ebed490ba189d3e9) Importer(815301076,1909f56bfc062723c751e8b465ee728b)  -> (artifact id: '350b695ac616aa2ea1a00de859855df1') in 0.018128 seconds 
========================================================================
Received Import Request.
  Time since last request: 0.000069 seconds.
  path: Assets/UBS/Assets/Textures/UBS_Grass06_01A.png
  artifactKey: Guid(41760093d0e81c74c9515165623bc739) Importer(815301076,1909f56bfc062723c751e8b465ee728b)
Start importing Assets/UBS/Assets/Textures/UBS_Grass06_01A.png using Guid(41760093d0e81c74c9515165623bc739) Importer(815301076,1909f56bfc062723c751e8b465ee728b)  -> (artifact id: '585b81cd34d13224421881dacc5f3feb') in 0.027588 seconds 
========================================================================
Received Import Request.
  Time since last request: 0.000030 seconds.
  path: Assets/UBS/Assets/Textures/UBS_BowserFuelPortal_1.png
  artifactKey: Guid(f3e12f01a75efb84fb27e47bec883639) Importer(815301076,1909f56bfc062723c751e8b465ee728b)
Start importing Assets/UBS/Assets/Textures/UBS_BowserFuelPortal_1.png using Guid(f3e12f01a75efb84fb27e47bec883639) Importer(815301076,1909f56bfc062723c751e8b465ee728b)  -> (artifact id: '603a4e05c4063924f488b92bb013e91b') in 0.038349 seconds 
========================================================================
Received Import Request.
  Time since last request: 0.000036 seconds.
  path: Assets/UBS/Assets/Textures/UBS_EdnasStoreSign 10.png
  artifactKey: Guid(817d2e1787d8e0a4caa75d17ba10a419) Importer(815301076,1909f56bfc062723c751e8b465ee728b)
Start importing Assets/UBS/Assets/Textures/UBS_EdnasStoreSign 10.png using Guid(817d2e1787d8e0a4caa75d17ba10a419) Importer(815301076,1909f56bfc062723c751e8b465ee728b)  -> (artifact id: '46829ec65451459c4356d8aa93918b03') in 0.020073 seconds 
========================================================================
Received Import Request.
  Time since last request: 0.000021 seconds.
  path: Assets/UBS/Assets/Textures/UBS_DryDirt01NM_01A.png
  artifactKey: Guid(6b112df7d13f60a499d071f8997838d3) Importer(815301076,1909f56bfc062723c751e8b465ee728b)
Start importing Assets/UBS/Assets/Textures/UBS_DryDirt01NM_01A.png using Guid(6b112df7d13f60a499d071f8997838d3) Importer(815301076,1909f56bfc062723c751e8b465ee728b)  -> (artifact id: '031de9509692870234a0639b64a4c3e9') in 0.029532 seconds 
========================================================================
Received Import Request.
  Time since last request: 20.688711 seconds.
  path: Assets/BNG Framework/Textures/tex_tex_jihi_wire_166229229_Normal.png
  artifactKey: Guid(00c0fdeacb0cd1d4e858840c2c459fb4) Importer(815301076,1909f56bfc062723c751e8b465ee728b)
Start importing Assets/BNG Framework/Textures/tex_tex_jihi_wire_166229229_Normal.png using Guid(00c0fdeacb0cd1d4e858840c2c459fb4) Importer(815301076,1909f56bfc062723c751e8b465ee728b)  -> (artifact id: '15869c5b127d2300aeed0d3ad041b89b') in 0.055730 seconds 
========================================================================
Received Import Request.
  Time since last request: 5.844837 seconds.
  path: Assets/BNG Framework/Textures/tex_tex_jihi_wire_166229229_BaseColor.png
  artifactKey: Guid(b07f17b5d8d5e384da2d417a24381ab2) Importer(815301076,1909f56bfc062723c751e8b465ee728b)
Start importing Assets/BNG Framework/Textures/tex_tex_jihi_wire_166229229_BaseColor.png using Guid(b07f17b5d8d5e384da2d417a24381ab2) Importer(815301076,1909f56bfc062723c751e8b465ee728b)  -> (artifact id: '16d8eccd63e12660df19076fabf27b25') in 0.031873 seconds 
========================================================================
Received Import Request.
  Time since last request: 4.596014 seconds.
  path: Assets/PyroParticles/Prefab/textures_model_firefighter/tex_0117_0out.png
  artifactKey: Guid(0ae21e39dd6ecfb40923c27b17d56bdd) Importer(815301076,1909f56bfc062723c751e8b465ee728b)
Start importing Assets/PyroParticles/Prefab/textures_model_firefighter/tex_0117_0out.png using Guid(0ae21e39dd6ecfb40923c27b17d56bdd) Importer(815301076,1909f56bfc062723c751e8b465ee728b)  -> (artifact id: '7f1cd3df1e8678875c3affef0aa1aef2') in 0.017417 seconds 
========================================================================
Received Import Request.
  Time since last request: 4.524532 seconds.
  path: Assets/PyroParticles/Prefab/textures_model_firefighter/tex_0081_0out.png
  artifactKey: Guid(a747c34e022209841a17e7e13bcad6cf) Importer(815301076,1909f56bfc062723c751e8b465ee728b)
Start importing Assets/PyroParticles/Prefab/textures_model_firefighter/tex_0081_0out.png using Guid(a747c34e022209841a17e7e13bcad6cf) Importer(815301076,1909f56bfc062723c751e8b465ee728b)  -> (artifact id: '06e9c156597e935618c625fb14497a47') in 0.016827 seconds 
========================================================================
Received Import Request.
  Time since last request: 5.448245 seconds.
  path: Assets/PyroParticles/Prefab/textures_model_firefighter/tex_0072_0out.png
  artifactKey: Guid(3bc04ea2ee9a87b47bcc8e95a086ba67) Importer(815301076,1909f56bfc062723c751e8b465ee728b)
Start importing Assets/PyroParticles/Prefab/textures_model_firefighter/tex_0072_0out.png using Guid(3bc04ea2ee9a87b47bcc8e95a086ba67) Importer(815301076,1909f56bfc062723c751e8b465ee728b)  -> (artifact id: '0638124dea03db5d344f55a01c832078') in 0.025710 seconds 
========================================================================
Received Import Request.
  Time since last request: 51.893781 seconds.
  path: Assets/PyroParticles/Prefab/textures_model_firefighter/Red.jpg
  artifactKey: Guid(a8a23d4d7a8cbae4fbf90d1f6eacc48a) Importer(815301076,1909f56bfc062723c751e8b465ee728b)
Start importing Assets/PyroParticles/Prefab/textures_model_firefighter/Red.jpg using Guid(a8a23d4d7a8cbae4fbf90d1f6eacc48a) Importer(815301076,1909f56bfc062723c751e8b465ee728b)  -> (artifact id: 'e9f195444746ccf730af1f6504d68621') in 0.038804 seconds 
========================================================================
Received Import Request.
  Time since last request: 8.605800 seconds.
  path: Assets/Object And Texture/purple_galaxy_texture_by_sweetlysecret_d8i0t81.png
  artifactKey: Guid(7b977b330d80e7645bbb4f6ede4c170b) Importer(815301076,1909f56bfc062723c751e8b465ee728b)
Start importing Assets/Object And Texture/purple_galaxy_texture_by_sweetlysecret_d8i0t81.png using Guid(7b977b330d80e7645bbb4f6ede4c170b) Importer(815301076,1909f56bfc062723c751e8b465ee728b)  -> (artifact id: '94745def3a795fdba6e13bf5b49c7932') in 0.023232 seconds 
========================================================================
Received Import Request.
  Time since last request: 6.461699 seconds.
  path: Assets/BNG Framework/Textures/puff.png
  artifactKey: Guid(ff285f333d4b75347ad5d21a9d699bcd) Importer(815301076,1909f56bfc062723c751e8b465ee728b)
Start importing Assets/BNG Framework/Textures/puff.png using Guid(ff285f333d4b75347ad5d21a9d699bcd) Importer(815301076,1909f56bfc062723c751e8b465ee728b)  -> (artifact id: 'f7ed5afd38324858bc1a89fc34b61276') in 0.030398 seconds 
========================================================================
Received Import Request.
  Time since last request: 5.636245 seconds.
  path: Assets/ASTROFISH_GAMES/MEDIEVAL_SERIES/POLYSTYLE_MCastle/_Assets/Astrofish_Common/C_Assets/C_Materials/PROTO_MedievalVillage_ColAtlas.tif
  artifactKey: Guid(5b7457d72a8f4d94a9ee4a30765bcb5c) Importer(815301076,1909f56bfc062723c751e8b465ee728b)
Start importing Assets/ASTROFISH_GAMES/MEDIEVAL_SERIES/POLYSTYLE_MCastle/_Assets/Astrofish_Common/C_Assets/C_Materials/PROTO_MedievalVillage_ColAtlas.tif using Guid(5b7457d72a8f4d94a9ee4a30765bcb5c) Importer(815301076,1909f56bfc062723c751e8b465ee728b)  -> (artifact id: '036e1d52b9aca1f0463ad29d083b6ba1') in 0.026800 seconds 
========================================================================
Received Import Request.
  Time since last request: 4.062944 seconds.
  path: Assets/ExampleAssets/Tutorial/Images/project-header-vr.png
  artifactKey: Guid(6eaf09dd6cc8a49708bf60691e32bebf) Importer(815301076,1909f56bfc062723c751e8b465ee728b)
Start importing Assets/ExampleAssets/Tutorial/Images/project-header-vr.png using Guid(6eaf09dd6cc8a49708bf60691e32bebf) Importer(815301076,1909f56bfc062723c751e8b465ee728b)  -> (artifact id: 'c4ef2ea6cbad8a8fd3651815835d6702') in 0.018356 seconds 
========================================================================
Received Import Request.
  Time since last request: 4.378998 seconds.
  path: Assets/external assets/Resources/Materials/Powder.jpg
  artifactKey: Guid(5143d33d8802545ff9d7b4f124721924) Importer(815301076,1909f56bfc062723c751e8b465ee728b)
Start importing Assets/external assets/Resources/Materials/Powder.jpg using Guid(5143d33d8802545ff9d7b4f124721924) Importer(815301076,1909f56bfc062723c751e8b465ee728b)  -> (artifact id: 'c5864ebcf7af4a6d92e4906c66ebcda0') in 0.018728 seconds 
========================================================================
Received Import Request.
  Time since last request: 13.267547 seconds.
  path: Assets/BNG Framework/Textures/pistol_emissive.png
  artifactKey: Guid(c3cd1a6dd09cbb94da87b97b7d6a1fb8) Importer(815301076,1909f56bfc062723c751e8b465ee728b)
Start importing Assets/BNG Framework/Textures/pistol_emissive.png using Guid(c3cd1a6dd09cbb94da87b97b7d6a1fb8) Importer(815301076,1909f56bfc062723c751e8b465ee728b)  -> (artifact id: '2c6f6c4b701706f3f9b8a15e72823704') in 0.031784 seconds 
========================================================================
Received Import Request.
  Time since last request: 4.596856 seconds.
  path: Assets/BNG Framework/Models/Oculus/OculusTouchForQuest2/Materials/OculusTouchForQuest2_Roughness.tga
  artifactKey: Guid(68d383d373145ff4f898eb301e337c35) Importer(815301076,1909f56bfc062723c751e8b465ee728b)
Start importing Assets/BNG Framework/Models/Oculus/OculusTouchForQuest2/Materials/OculusTouchForQuest2_Roughness.tga using Guid(68d383d373145ff4f898eb301e337c35) Importer(815301076,1909f56bfc062723c751e8b465ee728b)  -> (artifact id: 'c111c08e5c2ef1bdb046585e79fd1df9') in 0.100579 seconds 
========================================================================
Received Import Request.
  Time since last request: 3.947698 seconds.
  path: Assets/BNG Framework/Models/Oculus/OculusTouchForQuest2/Materials/OculusTouchForQuest2_Left.TGA
  artifactKey: Guid(46cc1748ad502c84584e3e2ca42626d2) Importer(815301076,1909f56bfc062723c751e8b465ee728b)
Start importing Assets/BNG Framework/Models/Oculus/OculusTouchForQuest2/Materials/OculusTouchForQuest2_Left.TGA using Guid(46cc1748ad502c84584e3e2ca42626d2) Importer(815301076,1909f56bfc062723c751e8b465ee728b)  -> (artifact id: '77941c1f6458ca527ccfc99c84718a05') in 0.022892 seconds 
========================================================================
Received Import Request.
  Time since last request: 14.855109 seconds.
  path: Assets/KitchenFurnitureStarterPack-Mavi3D/Textures/TableTextures/NormalTable.tga
  artifactKey: Guid(b60f872af64a99c4b9dbcd5dd2d37527) Importer(815301076,1909f56bfc062723c751e8b465ee728b)
Start importing Assets/KitchenFurnitureStarterPack-Mavi3D/Textures/TableTextures/NormalTable.tga using Guid(b60f872af64a99c4b9dbcd5dd2d37527) Importer(815301076,1909f56bfc062723c751e8b465ee728b)  -> (artifact id: 'f97c62be282cb2858d764e0ae9cd55e5') in 0.030023 seconds 
========================================================================
Received Import Request.
  Time since last request: 22.859813 seconds.
  path: Assets/model.png
  artifactKey: Guid(c05587c4daa260d4c8fdc898e64e08af) Importer(815301076,1909f56bfc062723c751e8b465ee728b)
Start importing Assets/model.png using Guid(c05587c4daa260d4c8fdc898e64e08af) Importer(815301076,1909f56bfc062723c751e8b465ee728b)  -> (artifact id: 'b1a35623ba696b5dbd4f5d02e2c7ed29') in 0.038264 seconds 
========================================================================
Received Import Request.
  Time since last request: 9.573171 seconds.
  path: Assets/BNG Framework/Models/Hands/mid_hand.png
  artifactKey: Guid(ece39b9b42587524cbabf26097291ec8) Importer(815301076,1909f56bfc062723c751e8b465ee728b)
Start importing Assets/BNG Framework/Models/Hands/mid_hand.png using Guid(ece39b9b42587524cbabf26097291ec8) Importer(815301076,1909f56bfc062723c751e8b465ee728b)  -> (artifact id: 'aa32943c0066889f50ba83e639de299a') in 0.035984 seconds 
========================================================================
Received Import Request.
  Time since last request: 6.970750 seconds.
  path: Assets/Vefects/Free Fire VFX/Scene/Textures/Metrics_Grid_Normal.TGA
  artifactKey: Guid(4f1502c89b49fa2419daab4477020e86) Importer(815301076,1909f56bfc062723c751e8b465ee728b)
Start importing Assets/Vefects/Free Fire VFX/Scene/Textures/Metrics_Grid_Normal.TGA using Guid(4f1502c89b49fa2419daab4477020e86) Importer(815301076,1909f56bfc062723c751e8b465ee728b)  -> (artifact id: '07f198ec45379f3a2032ff5cf46f716a') in 0.028505 seconds 
========================================================================
Received Import Request.
  Time since last request: 4.801824 seconds.
  path: Assets/Vefects/Free Fire VFX/Scene/Textures/Metrics_Grid_Base_Color.TGA
  artifactKey: Guid(7e86780f8818d774781e18cdb159f2f7) Importer(815301076,1909f56bfc062723c751e8b465ee728b)
Start importing Assets/Vefects/Free Fire VFX/Scene/Textures/Metrics_Grid_Base_Color.TGA using Guid(7e86780f8818d774781e18cdb159f2f7) Importer(815301076,1909f56bfc062723c751e8b465ee728b)  -> (artifact id: '733784e2e4af36ee72036c4a5f5a23b3') in 0.030142 seconds 
========================================================================
Received Import Request.
  Time since last request: 9.240782 seconds.
  path: Assets/BNG Framework/Textures/meter_grid.psd
  artifactKey: Guid(8e5a7d84f07680d4494818e3de59ef30) Importer(815301076,1909f56bfc062723c751e8b465ee728b)
Start importing Assets/BNG Framework/Textures/meter_grid.psd using Guid(8e5a7d84f07680d4494818e3de59ef30) Importer(815301076,1909f56bfc062723c751e8b465ee728b)  -> (artifact id: '0ab9261046fb8bcc0bd362bbb1194d46') in 0.018777 seconds 
========================================================================
Received Import Request.
  Time since last request: 9.741097 seconds.
  path: Assets/ASTROFISH_GAMES/MEDIEVAL_SERIES/POLYSTYLE_MCastle/_Assets/Astrofish_Common/C_Assets/C_Materials/Medieval_Foliage_Ivy.tif
  artifactKey: Guid(f358407585ddb2646897fc005e79187d) Importer(815301076,1909f56bfc062723c751e8b465ee728b)
Start importing Assets/ASTROFISH_GAMES/MEDIEVAL_SERIES/POLYSTYLE_MCastle/_Assets/Astrofish_Common/C_Assets/C_Materials/Medieval_Foliage_Ivy.tif using Guid(f358407585ddb2646897fc005e79187d) Importer(815301076,1909f56bfc062723c751e8b465ee728b)  -> (artifact id: '0eaf3fb8f08e2c0f5b373a1b393da05a') in 0.033157 seconds 
========================================================================
Received Import Request.
  Time since last request: 33.549459 seconds.
  path: Assets/ASTROFISH_GAMES/MEDIEVAL_SERIES/POLYSTYLE_MCastle/_Assets/Mats/POLYSTYLE/MCastle_ColorAtlas_01.tif
  artifactKey: Guid(9f65de18ca31b3a49aaed8a983b5c5d7) Importer(815301076,1909f56bfc062723c751e8b465ee728b)
Start importing Assets/ASTROFISH_GAMES/MEDIEVAL_SERIES/POLYSTYLE_MCastle/_Assets/Mats/POLYSTYLE/MCastle_ColorAtlas_01.tif using Guid(9f65de18ca31b3a49aaed8a983b5c5d7) Importer(815301076,1909f56bfc062723c751e8b465ee728b)  -> (artifact id: '1c62d7a679713cce182aa3711e86dc2a') in 0.026621 seconds 
========================================================================
Received Import Request.
  Time since last request: 28.713385 seconds.
  path: Assets/BNG Framework/Textures/emissive.psd
  artifactKey: Guid(568acbb82f18b1e47848ab8bb2588caf) Importer(815301076,1909f56bfc062723c751e8b465ee728b)
Start importing Assets/BNG Framework/Textures/emissive.psd using Guid(568acbb82f18b1e47848ab8bb2588caf) Importer(815301076,1909f56bfc062723c751e8b465ee728b)  -> (artifact id: '021201b46b565de8023b1942b7c43b26') in 0.049258 seconds 
========================================================================
Received Import Request.
  Time since last request: 0.018030 seconds.
  path: Assets/external assets/FireExit/Textures/Dirty_Specular_Substance.png
  artifactKey: Guid(98c4a91f0499e44f0955bf40dc895691) Importer(815301076,1909f56bfc062723c751e8b465ee728b)
Start importing Assets/external assets/FireExit/Textures/Dirty_Specular_Substance.png using Guid(98c4a91f0499e44f0955bf40dc895691) Importer(815301076,1909f56bfc062723c751e8b465ee728b)  -> (artifact id: 'eae70a5043f68b2e7294546497135eed') in 0.045397 seconds 
========================================================================
Received Import Request.
  Time since last request: 14.306395 seconds.
  path: Assets/BNG Framework/Models/Hands/darkV03_hand.png
  artifactKey: Guid(ffab4c12024ba964abb234756aca0253) Importer(815301076,1909f56bfc062723c751e8b465ee728b)
Start importing Assets/BNG Framework/Models/Hands/darkV03_hand.png using Guid(ffab4c12024ba964abb234756aca0253) Importer(815301076,1909f56bfc062723c751e8b465ee728b)  -> (artifact id: '05314e125b03ee1ee3cc0cb8ef213b85') in 0.032766 seconds 
========================================================================
Received Import Request.
  Time since last request: 50.150120 seconds.
  path: Assets/BNG Framework/Textures/BNG_Stick_a.png.png
  artifactKey: Guid(b729d7318ff923744818c4fe786eb90d) Importer(815301076,1909f56bfc062723c751e8b465ee728b)
Start importing Assets/BNG Framework/Textures/BNG_Stick_a.png.png using Guid(b729d7318ff923744818c4fe786eb90d) Importer(815301076,1909f56bfc062723c751e8b465ee728b)  -> (artifact id: 'defcda4605d425820e618a4ce89cdb0f') in 0.024364 seconds 
========================================================================
Received Import Request.
  Time since last request: 15.784690 seconds.
  path: Assets/KitchenFurnitureStarterPack-Mavi3D/Textures/TableTextures/AlbedoTable.tga
  artifactKey: Guid(ab6da81c76b7315448fc1505b97407d8) Importer(815301076,1909f56bfc062723c751e8b465ee728b)
Start importing Assets/KitchenFurnitureStarterPack-Mavi3D/Textures/TableTextures/AlbedoTable.tga using Guid(ab6da81c76b7315448fc1505b97407d8) Importer(815301076,1909f56bfc062723c751e8b465ee728b)  -> (artifact id: 'c25b6f991f51b3671d82095d00d87033') in 0.028202 seconds 
========================================================================
Received Import Request.
  Time since last request: 17.862980 seconds.
  path: Assets/external assets/Resources/WaterFireExtinguisher.fbm/2.png
  artifactKey: Guid(55e9f6aa0bc7b15478abeaa2e1637f78) Importer(815301076,1909f56bfc062723c751e8b465ee728b)
Start importing Assets/external assets/Resources/WaterFireExtinguisher.fbm/2.png using Guid(55e9f6aa0bc7b15478abeaa2e1637f78) Importer(815301076,1909f56bfc062723c751e8b465ee728b)  -> (artifact id: 'c9d45bdaec601168b3199f8305a09f0c') in 0.030390 seconds 
========================================================================
Received Prepare
Shader 'SH_Vefects_VFX_URP_Heat_Haze_01': fallback shader 'Hidden/Shader Graph/FallbackError' not found
Shader 'SH_Vefects_VFX_URP_Particles_Erosion_01': fallback shader 'Hidden/Shader Graph/FallbackError' not found
Shader 'Custom/AdditiveTintable': fallback shader 'Particles/Additive (Soft)' not found
Shader 'SH_Vefects_VFX_URP_Particles_Erosion_01': fallback shader 'Hidden/Shader Graph/FallbackError' not found
Shader 'SH_Vefects_VFX_URP_Heat_Haze_01': fallback shader 'Hidden/Shader Graph/FallbackError' not found
Refreshing native plugins compatible for Editor in 11.06 ms, found 12 plugins.
Preloading 1 native plugins for Editor in 0.07 ms.
Unloading 45 Unused Serialized files (Serialized files now loaded: 0)
Unloading 45 unused Assets / (445.2 KB). Loaded Objects now: 5012.
Memory consumption went from 157.4 MB to 157.0 MB.
Total: 5.905800 ms (FindLiveObjects: 0.468300 ms CreateObjectMapping: 0.496600 ms MarkObjects: 4.706400 ms  DeleteObjects: 0.233300 ms)

AssetImportParameters requested are different than current active one (requested -> active):
  custom:video-decoder-ogg-theora: a1e56fd34408186e4bbccfd4996cb3dc -> 
  custom:container-muxer-webm: aa71ff27fc2769a1b78a27578f13a17b -> 
  custom:container-demuxer-webm: 4f35f7cbe854078d1ac9338744f61a02 -> 
  custom:video-encoder-webm-vp8: eb34c28f22e8b96e1ab97ce403110664 -> 
  custom:audio-encoder-webm-vorbis: bf7c407c2cedff20999df2af8eb42d56 -> 
  custom:framework-win-MediaFoundation: 216162199b28c13a410421893ffa2e32 -> 
  custom:container-demuxer-ogg: 62fdf1f143b41e24485cea50d1cbac27 -> 
  custom:video-decoder-webm-vp8: 9c59270c3fd7afecdb556c50c9e8de78 -> 
  custom:audio-decoder-ogg-vorbis: bf7c407c2cedff20999df2af8eb42d56 -> 
========================================================================
Received Prepare
Registering precompiled user dll's ...
Registered in 0.009606 seconds.
Begin MonoManager ReloadAssembly
Symbol file LoadedFromMemory doesn't match image D:\Unity Projects\VR Fire extinguisher pro\Library\PackageCache\com.unity.visualscripting@1.7.8\Editor\VisualScripting.Core\Dependencies\DotNetZip\Unity.VisualScripting.IonicZip.dll
Symbol file LoadedFromMemory doesn't match image D:\Unity Projects\VR Fire extinguisher pro\Library\PackageCache\com.unity.visualscripting@1.7.8\Editor\VisualScripting.Core\Dependencies\YamlDotNet\Unity.VisualScripting.YamlDotNet.dll
Native extension for UWP target not found
Native extension for WindowsStandalone target not found
Failed to load: D:/Unity Engines/Unity Editors/unity 2021.3.20f1/2021.3.20f1/Editor/Data/PlaybackEngines/iOSSupport\x64\UnityEditor.iOS.Native.dll
Native extension for iOS target not found
Native extension for Android target not found
Native extension for WebGL target not found
Refreshing native plugins compatible for Editor in 1.28 ms, found 12 plugins.
Preloading 1 native plugins for Editor in 0.08 ms.
System.Reflection.TargetInvocationException: Exception has been thrown by the target of an invocation. ---> System.NullReferenceException: Object reference not set to an instance of an object
  at Unity.XR.Oculus.OculusLoader.AssetPathToAbsolutePath (System.String assetPath) [0x00041] in D:\Unity Projects\VR Fire extinguisher pro\Library\PackageCache\com.unity.xr.oculus@3.2.3\Runtime\OculusLoader.cs:296 
  at Unity.XR.Oculus.OculusLoader.EditorLoadOVRPlugin () [0x000b0] in D:\Unity Projects\VR Fire extinguisher pro\Library\PackageCache\com.unity.xr.oculus@3.2.3\Runtime\OculusLoader.cs:281 
  at (wrapper managed-to-native) System.Reflection.RuntimeMethodInfo.InternalInvoke(System.Reflection.RuntimeMethodInfo,object,object[],System.Exception&)
  at System.Reflection.RuntimeMethodInfo.Invoke (System.Object obj, System.Reflection.BindingFlags invokeAttr, System.Reflection.Binder binder, System.Object[] parameters, System.Globalization.CultureInfo culture) [0x0006a] in <88e4733ac7bc4ae1b496735e6b83bbd3>:0 
   --- End of inner exception stack trace ---
  at System.Reflection.RuntimeMethodInfo.Invoke (System.Object obj, System.Reflection.BindingFlags invokeAttr, System.Reflection.Binder binder, System.Object[] parameters, System.Globalization.CultureInfo culture) [0x00083] in <88e4733ac7bc4ae1b496735e6b83bbd3>:0 
  at System.Reflection.MethodBase.Invoke (System.Object obj, System.Object[] parameters) [0x00000] in <88e4733ac7bc4ae1b496735e6b83bbd3>:0 
  at UnityEditor.EditorAssemblies.ProcessInitializeOnLoadMethodAttributes () [0x000a5] in <6e08e61cfda04255b3972ba7f0515fae>:0 
UnityEngine.StackTraceUtility:ExtractStackTrace ()
UnityEngine.DebugLogHandler:LogFormat (UnityEngine.LogType,UnityEngine.Object,string,object[])
UnityEngine.Logger:Log (UnityEngine.LogType,object)
UnityEngine.Debug:LogError (object)
UnityEditor.EditorAssemblies:ProcessInitializeOnLoadMethodAttributes ()

Mono: successfully reloaded assembly
- Completed reload, in  1.836 seconds
Domain Reload Profiling:
	ReloadAssembly (1837ms)
		BeginReloadAssembly (234ms)
			ExecutionOrderSort (0ms)
			DisableScriptedObjects (15ms)
			BackupInstance (0ms)
			ReleaseScriptingObjects (0ms)
			CreateAndSetChildDomain (72ms)
		EndReloadAssembly (1467ms)
			LoadAssemblies (146ms)
			RebuildTransferFunctionScriptingTraits (0ms)
			SetupTypeCache (559ms)
			ReleaseScriptCaches (2ms)
			RebuildScriptCaches (75ms)
			SetupLoadedEditorAssemblies (624ms)
				LogAssemblyErrors (0ms)
				InitializePlatformSupportModulesInManaged (46ms)
				SetLoadedEditorAssemblies (1ms)
				RefreshPlugins (1ms)
				BeforeProcessingInitializeOnLoad (110ms)
				ProcessInitializeOnLoadAttributes (406ms)
				ProcessInitializeOnLoadMethodAttributes (55ms)
				AfterProcessingInitializeOnLoad (5ms)
				EditorAssembliesLoaded (0ms)
			ExecutionOrderSort2 (0ms)
			AwakeInstancesAfterBackupRestoration (8ms)
Platform modules already initialized, skipping
Shader 'SH_Vefects_VFX_URP_Heat_Haze_01': fallback shader 'Hidden/Shader Graph/FallbackError' not found
Shader 'SH_Vefects_VFX_URP_Particles_Erosion_01': fallback shader 'Hidden/Shader Graph/FallbackError' not found
Shader 'Custom/AdditiveTintable': fallback shader 'Particles/Additive (Soft)' not found
Shader 'SH_Vefects_VFX_URP_Particles_Erosion_01': fallback shader 'Hidden/Shader Graph/FallbackError' not found
Shader 'SH_Vefects_VFX_URP_Heat_Haze_01': fallback shader 'Hidden/Shader Graph/FallbackError' not found
Refreshing native plugins compatible for Editor in 8.17 ms, found 12 plugins.
Preloading 1 native plugins for Editor in 0.09 ms.
Unloading 4441 Unused Serialized files (Serialized files now loaded: 0)
Unloading 45 unused Assets / (447.8 KB). Loaded Objects now: 5015.
Memory consumption went from 245.4 MB to 245.0 MB.
Total: 5.477900 ms (FindLiveObjects: 0.423300 ms CreateObjectMapping: 0.364500 ms MarkObjects: 4.446300 ms  DeleteObjects: 0.241500 ms)

AssetImportParameters requested are different than current active one (requested -> active):
  custom:video-decoder-ogg-theora: a1e56fd34408186e4bbccfd4996cb3dc -> 
  custom:container-muxer-webm: aa71ff27fc2769a1b78a27578f13a17b -> 
  custom:container-demuxer-webm: 4f35f7cbe854078d1ac9338744f61a02 -> 
  custom:video-encoder-webm-vp8: eb34c28f22e8b96e1ab97ce403110664 -> 
  custom:audio-encoder-webm-vorbis: bf7c407c2cedff20999df2af8eb42d56 -> 
  custom:framework-win-MediaFoundation: 216162199b28c13a410421893ffa2e32 -> 
  custom:container-demuxer-ogg: 62fdf1f143b41e24485cea50d1cbac27 -> 
  custom:video-decoder-webm-vp8: 9c59270c3fd7afecdb556c50c9e8de78 -> 
  custom:audio-decoder-ogg-vorbis: bf7c407c2cedff20999df2af8eb42d56 -> 
========================================================================
Received Prepare
Shader 'SH_Vefects_VFX_URP_Heat_Haze_01': fallback shader 'Hidden/Shader Graph/FallbackError' not found
Shader 'SH_Vefects_VFX_URP_Particles_Erosion_01': fallback shader 'Hidden/Shader Graph/FallbackError' not found
Shader 'Custom/AdditiveTintable': fallback shader 'Particles/Additive (Soft)' not found
Shader 'SH_Vefects_VFX_URP_Heat_Haze_01': fallback shader 'Hidden/Shader Graph/FallbackError' not found
Shader 'SH_Vefects_VFX_URP_Particles_Erosion_01': fallback shader 'Hidden/Shader Graph/FallbackError' not found
Refreshing native plugins compatible for Editor in 12.16 ms, found 12 plugins.
Preloading 1 native plugins for Editor in 0.07 ms.
Unloading 45 Unused Serialized files (Serialized files now loaded: 0)
Unloading 45 unused Assets / (445.3 KB). Loaded Objects now: 5015.
Memory consumption went from 157.4 MB to 156.9 MB.
Total: 4.645100 ms (FindLiveObjects: 0.584100 ms CreateObjectMapping: 0.398100 ms MarkObjects: 3.412500 ms  DeleteObjects: 0.248300 ms)

AssetImportParameters requested are different than current active one (requested -> active):
  custom:video-decoder-ogg-theora: a1e56fd34408186e4bbccfd4996cb3dc -> 
  custom:container-muxer-webm: aa71ff27fc2769a1b78a27578f13a17b -> 
  custom:container-demuxer-webm: 4f35f7cbe854078d1ac9338744f61a02 -> 
  custom:video-encoder-webm-vp8: eb34c28f22e8b96e1ab97ce403110664 -> 
  custom:audio-encoder-webm-vorbis: bf7c407c2cedff20999df2af8eb42d56 -> 
  custom:framework-win-MediaFoundation: 216162199b28c13a410421893ffa2e32 -> 
  custom:container-demuxer-ogg: 62fdf1f143b41e24485cea50d1cbac27 -> 
  custom:video-decoder-webm-vp8: 9c59270c3fd7afecdb556c50c9e8de78 -> 
  custom:audio-decoder-ogg-vorbis: bf7c407c2cedff20999df2af8eb42d56 -> 
========================================================================
Received Prepare
Shader 'SH_Vefects_VFX_URP_Heat_Haze_01': fallback shader 'Hidden/Shader Graph/FallbackError' not found
Shader 'SH_Vefects_VFX_URP_Particles_Erosion_01': fallback shader 'Hidden/Shader Graph/FallbackError' not found
Shader 'SH_Vefects_VFX_URP_Particles_Erosion_01': fallback shader 'Hidden/Shader Graph/FallbackError' not found
Shader 'Custom/AdditiveTintable': fallback shader 'Particles/Additive (Soft)' not found
Shader 'SH_Vefects_VFX_URP_Heat_Haze_01': fallback shader 'Hidden/Shader Graph/FallbackError' not found
Refreshing native plugins compatible for Editor in 11.65 ms, found 12 plugins.
Preloading 1 native plugins for Editor in 0.06 ms.
Unloading 45 Unused Serialized files (Serialized files now loaded: 0)
Unloading 45 unused Assets / (445.3 KB). Loaded Objects now: 5015.
Memory consumption went from 157.1 MB to 156.6 MB.
Total: 5.336500 ms (FindLiveObjects: 0.381500 ms CreateObjectMapping: 0.297700 ms MarkObjects: 4.437000 ms  DeleteObjects: 0.219300 ms)

AssetImportParameters requested are different than current active one (requested -> active):
  custom:video-decoder-ogg-theora: a1e56fd34408186e4bbccfd4996cb3dc -> 
  custom:container-muxer-webm: aa71ff27fc2769a1b78a27578f13a17b -> 
  custom:container-demuxer-webm: 4f35f7cbe854078d1ac9338744f61a02 -> 
  custom:video-encoder-webm-vp8: eb34c28f22e8b96e1ab97ce403110664 -> 
  custom:audio-encoder-webm-vorbis: bf7c407c2cedff20999df2af8eb42d56 -> 
  custom:framework-win-MediaFoundation: 216162199b28c13a410421893ffa2e32 -> 
  custom:container-demuxer-ogg: 62fdf1f143b41e24485cea50d1cbac27 -> 
  custom:video-decoder-webm-vp8: 9c59270c3fd7afecdb556c50c9e8de78 -> 
  custom:audio-decoder-ogg-vorbis: bf7c407c2cedff20999df2af8eb42d56 -> 
========================================================================
Received Prepare
Shader 'SH_Vefects_VFX_URP_Heat_Haze_01': fallback shader 'Hidden/Shader Graph/FallbackError' not found
Shader 'SH_Vefects_VFX_URP_Particles_Erosion_01': fallback shader 'Hidden/Shader Graph/FallbackError' not found
Shader 'Custom/AdditiveTintable': fallback shader 'Particles/Additive (Soft)' not found
Shader 'SH_Vefects_VFX_URP_Heat_Haze_01': fallback shader 'Hidden/Shader Graph/FallbackError' not found
Shader 'SH_Vefects_VFX_URP_Particles_Erosion_01': fallback shader 'Hidden/Shader Graph/FallbackError' not found
Refreshing native plugins compatible for Editor in 10.92 ms, found 12 plugins.
Preloading 1 native plugins for Editor in 0.09 ms.
Unloading 45 Unused Serialized files (Serialized files now loaded: 0)
Unloading 45 unused Assets / (445.6 KB). Loaded Objects now: 5015.
Memory consumption went from 157.1 MB to 156.6 MB.
Total: 6.122800 ms (FindLiveObjects: 0.458700 ms CreateObjectMapping: 0.557800 ms MarkObjects: 4.882600 ms  DeleteObjects: 0.222700 ms)

AssetImportParameters requested are different than current active one (requested -> active):
  custom:video-decoder-ogg-theora: a1e56fd34408186e4bbccfd4996cb3dc -> 
  custom:container-muxer-webm: aa71ff27fc2769a1b78a27578f13a17b -> 
  custom:container-demuxer-webm: 4f35f7cbe854078d1ac9338744f61a02 -> 
  custom:video-encoder-webm-vp8: eb34c28f22e8b96e1ab97ce403110664 -> 
  custom:audio-encoder-webm-vorbis: bf7c407c2cedff20999df2af8eb42d56 -> 
  custom:framework-win-MediaFoundation: 216162199b28c13a410421893ffa2e32 -> 
  custom:container-demuxer-ogg: 62fdf1f143b41e24485cea50d1cbac27 -> 
  custom:video-decoder-webm-vp8: 9c59270c3fd7afecdb556c50c9e8de78 -> 
  custom:audio-decoder-ogg-vorbis: bf7c407c2cedff20999df2af8eb42d56 -> 
========================================================================
Received Prepare
Shader 'SH_Vefects_VFX_URP_Heat_Haze_01': fallback shader 'Hidden/Shader Graph/FallbackError' not found
Shader 'SH_Vefects_VFX_URP_Particles_Erosion_01': fallback shader 'Hidden/Shader Graph/FallbackError' not found
Shader 'Custom/AdditiveTintable': fallback shader 'Particles/Additive (Soft)' not found
Shader 'SH_Vefects_VFX_URP_Particles_Erosion_01': fallback shader 'Hidden/Shader Graph/FallbackError' not found
Shader 'SH_Vefects_VFX_URP_Heat_Haze_01': fallback shader 'Hidden/Shader Graph/FallbackError' not found
Refreshing native plugins compatible for Editor in 14.45 ms, found 12 plugins.
Preloading 1 native plugins for Editor in 0.09 ms.
Unloading 45 Unused Serialized files (Serialized files now loaded: 0)
Unloading 45 unused Assets / (445.3 KB). Loaded Objects now: 5015.
Memory consumption went from 157.1 MB to 156.6 MB.
Total: 5.250700 ms (FindLiveObjects: 0.401300 ms CreateObjectMapping: 0.334200 ms MarkObjects: 4.251800 ms  DeleteObjects: 0.262400 ms)

AssetImportParameters requested are different than current active one (requested -> active):
  custom:video-decoder-ogg-theora: a1e56fd34408186e4bbccfd4996cb3dc -> 
  custom:container-muxer-webm: aa71ff27fc2769a1b78a27578f13a17b -> 
  custom:container-demuxer-webm: 4f35f7cbe854078d1ac9338744f61a02 -> 
  custom:video-encoder-webm-vp8: eb34c28f22e8b96e1ab97ce403110664 -> 
  custom:audio-encoder-webm-vorbis: bf7c407c2cedff20999df2af8eb42d56 -> 
  custom:framework-win-MediaFoundation: 216162199b28c13a410421893ffa2e32 -> 
  custom:container-demuxer-ogg: 62fdf1f143b41e24485cea50d1cbac27 -> 
  custom:video-decoder-webm-vp8: 9c59270c3fd7afecdb556c50c9e8de78 -> 
  custom:audio-decoder-ogg-vorbis: bf7c407c2cedff20999df2af8eb42d56 -> 
========================================================================
Received Prepare
Shader 'SH_Vefects_VFX_URP_Heat_Haze_01': fallback shader 'Hidden/Shader Graph/FallbackError' not found
Shader 'SH_Vefects_VFX_URP_Particles_Erosion_01': fallback shader 'Hidden/Shader Graph/FallbackError' not found
Shader 'Custom/AdditiveTintable': fallback shader 'Particles/Additive (Soft)' not found
Shader 'SH_Vefects_VFX_URP_Particles_Erosion_01': fallback shader 'Hidden/Shader Graph/FallbackError' not found
Shader 'SH_Vefects_VFX_URP_Heat_Haze_01': fallback shader 'Hidden/Shader Graph/FallbackError' not found
Refreshing native plugins compatible for Editor in 11.70 ms, found 12 plugins.
Preloading 1 native plugins for Editor in 0.07 ms.
Unloading 45 Unused Serialized files (Serialized files now loaded: 0)
Unloading 45 unused Assets / (445.2 KB). Loaded Objects now: 5015.
Memory consumption went from 157.1 MB to 156.6 MB.
Total: 6.638400 ms (FindLiveObjects: 0.405900 ms CreateObjectMapping: 0.340900 ms MarkObjects: 5.609100 ms  DeleteObjects: 0.281200 ms)

AssetImportParameters requested are different than current active one (requested -> active):
  custom:video-decoder-ogg-theora: a1e56fd34408186e4bbccfd4996cb3dc -> 
  custom:container-muxer-webm: aa71ff27fc2769a1b78a27578f13a17b -> 
  custom:container-demuxer-webm: 4f35f7cbe854078d1ac9338744f61a02 -> 
  custom:video-encoder-webm-vp8: eb34c28f22e8b96e1ab97ce403110664 -> 
  custom:audio-encoder-webm-vorbis: bf7c407c2cedff20999df2af8eb42d56 -> 
  custom:framework-win-MediaFoundation: 216162199b28c13a410421893ffa2e32 -> 
  custom:container-demuxer-ogg: 62fdf1f143b41e24485cea50d1cbac27 -> 
  custom:video-decoder-webm-vp8: 9c59270c3fd7afecdb556c50c9e8de78 -> 
  custom:audio-decoder-ogg-vorbis: bf7c407c2cedff20999df2af8eb42d56 -> 
========================================================================
Received Import Request.
  Time since last request: 5787.194927 seconds.
  path: Assets/external assets/Resources/CarbonDioxideFireExtinguisher.fbx
  artifactKey: Guid(6ec3c3f482ebb43f0bc4035847015afb) Importer(815301076,1909f56bfc062723c751e8b465ee728b)
Start importing Assets/external assets/Resources/CarbonDioxideFireExtinguisher.fbx using Guid(6ec3c3f482ebb43f0bc4035847015afb) Importer(815301076,1909f56bfc062723c751e8b465ee728b)  -> (artifact id: '136d9162613d1722fe960c573639da21') in 6.451520 seconds 
========================================================================
Received Import Request.
  Time since last request: 21.298417 seconds.
  path: Assets/external assets/Resources/FINAL_MODEL
  artifactKey: Guid(06a83d4f9de122f48b567c064b7e1d25) Importer(815301076,1909f56bfc062723c751e8b465ee728b)
Start importing Assets/external assets/Resources/FINAL_MODEL using Guid(06a83d4f9de122f48b567c064b7e1d25) Importer(815301076,1909f56bfc062723c751e8b465ee728b)  -> (artifact id: 'a279282bce150a68a41a8f9690889762') in 0.007964 seconds 
========================================================================
Received Import Request.
  Time since last request: 0.000025 seconds.
  path: Assets/external assets/Resources/FINAL_MODEL/common_carbon05_black_diff.png
  artifactKey: Guid(817ff79a1bf20f24ba7c733f0487cec8) Importer(815301076,1909f56bfc062723c751e8b465ee728b)
Start importing Assets/external assets/Resources/FINAL_MODEL/common_carbon05_black_diff.png using Guid(817ff79a1bf20f24ba7c733f0487cec8) Importer(815301076,1909f56bfc062723c751e8b465ee728b)  -> (artifact id: '3e59c18657c12f9e2b689e460fc5f9e0') in 0.066750 seconds 
========================================================================
Received Import Request.
  Time since last request: 0.000025 seconds.
  path: Assets/external assets/Resources/FINAL_MODEL/Jeep_Gladiator_2019_BadgeB_Normal.png
  artifactKey: Guid(4e93241d00ebd0d4db04aa9b6b701fad) Importer(815301076,1909f56bfc062723c751e8b465ee728b)
Start importing Assets/external assets/Resources/FINAL_MODEL/Jeep_Gladiator_2019_BadgeB_Normal.png using Guid(4e93241d00ebd0d4db04aa9b6b701fad) Importer(815301076,1909f56bfc062723c751e8b465ee728b)  -> (artifact id: '1a9c5e13938b07601664b8a10480ca59') in 0.045423 seconds 
========================================================================
Received Import Request.
  Time since last request: 0.000030 seconds.
  path: Assets/external assets/Resources/FINAL_MODEL/Jeep_Gladiator_2019_InteriorB_Emissive.png
  artifactKey: Guid(36de072ac23bbb747bc5d456093ce97f) Importer(815301076,1909f56bfc062723c751e8b465ee728b)
Start importing Assets/external assets/Resources/FINAL_MODEL/Jeep_Gladiator_2019_InteriorB_Emissive.png using Guid(36de072ac23bbb747bc5d456093ce97f) Importer(815301076,1909f56bfc062723c751e8b465ee728b)  -> (artifact id: '5a577f5756bf698573ee99a14ccaaca3') in 0.017907 seconds 
========================================================================
Received Import Request.
  Time since last request: 0.000028 seconds.
  path: Assets/external assets/Resources/FINAL_MODEL/Jeep_Gladiator_2019_Grille8A_Material.png
  artifactKey: Guid(64322922e8d0a5a43b6de5167690f330) Importer(815301076,1909f56bfc062723c751e8b465ee728b)
Start importing Assets/external assets/Resources/FINAL_MODEL/Jeep_Gladiator_2019_Grille8A_Material.png using Guid(64322922e8d0a5a43b6de5167690f330) Importer(815301076,1909f56bfc062723c751e8b465ee728b)  -> (artifact id: 'c3c18a982b73682c4ecac80a7be2aaf3') in 0.016557 seconds 
========================================================================
Received Import Request.
  Time since last request: 0.000021 seconds.
  path: Assets/external assets/Resources/FINAL_MODEL/Jeep_Gladiator_2019_Grille2A_DiffuseAOSO.png
  artifactKey: Guid(ceb39a960bd3f3940b6cd0d226f0febb) Importer(815301076,1909f56bfc062723c751e8b465ee728b)
Start importing Assets/external assets/Resources/FINAL_MODEL/Jeep_Gladiator_2019_Grille2A_DiffuseAOSO.png using Guid(ceb39a960bd3f3940b6cd0d226f0febb) Importer(815301076,1909f56bfc062723c751e8b465ee728b)  -> (artifact id: '5cce3ceb80aab08ba5caf64b345211af') in 0.020169 seconds 
========================================================================
Received Import Request.
  Time since last request: 0.000020 seconds.
  path: Assets/external assets/Resources/FINAL_MODEL/Jeep_Gladiator_2019_LightA_Diffuse.png
  artifactKey: Guid(8c82facf64225ec41894a33e71ac3e2d) Importer(815301076,1909f56bfc062723c751e8b465ee728b)
Start importing Assets/external assets/Resources/FINAL_MODEL/Jeep_Gladiator_2019_LightA_Diffuse.png using Guid(8c82facf64225ec41894a33e71ac3e2d) Importer(815301076,1909f56bfc062723c751e8b465ee728b)  -> (artifact id: 'd0f08631a48cce14aad5cef8e0d1da67') in 0.018058 seconds 
========================================================================
Received Import Request.
  Time since last request: 0.000020 seconds.
  path: Assets/external assets/Resources/FINAL_MODEL/Jeep_Gladiator_2019_Grille3A_MaterialOpacity.png
  artifactKey: Guid(cd11321df910d6140971fc5136678eec) Importer(815301076,1909f56bfc062723c751e8b465ee728b)
Start importing Assets/external assets/Resources/FINAL_MODEL/Jeep_Gladiator_2019_Grille3A_MaterialOpacity.png using Guid(cd11321df910d6140971fc5136678eec) Importer(815301076,1909f56bfc062723c751e8b465ee728b)  -> (artifact id: '3d2b4f6d0d3ecaab1846175513d58672') in 0.018320 seconds 
========================================================================
Received Import Request.
  Time since last request: 0.000025 seconds.
  path: Assets/external assets/Resources/FINAL_MODEL/Jeep_Gladiator_2019_Grille5A_Material.png
  artifactKey: Guid(3e6c8a382c7fe30479c2028cdc21c744) Importer(815301076,1909f56bfc062723c751e8b465ee728b)
Start importing Assets/external assets/Resources/FINAL_MODEL/Jeep_Gladiator_2019_Grille5A_Material.png using Guid(3e6c8a382c7fe30479c2028cdc21c744) Importer(815301076,1909f56bfc062723c751e8b465ee728b)  -> (artifact id: 'bd4765df210d99c6b54a380cc22a4e3b') in 0.017185 seconds 
========================================================================
Received Import Request.
  Time since last request: 0.000036 seconds.
  path: Assets/external assets/Resources/FINAL_MODEL/Jeep_Gladiator_2019_EngineA_Normal.png
  artifactKey: Guid(b8739aa24d7bfbd47914837f2d9162ce) Importer(815301076,1909f56bfc062723c751e8b465ee728b)
Start importing Assets/external assets/Resources/FINAL_MODEL/Jeep_Gladiator_2019_EngineA_Normal.png using Guid(b8739aa24d7bfbd47914837f2d9162ce) Importer(815301076,1909f56bfc062723c751e8b465ee728b)  -> (artifact id: '56d196b9557a314f54a40d457101ce38') in 0.019383 seconds 
========================================================================
Received Import Request.
  Time since last request: 0.000026 seconds.
  path: Assets/external assets/Resources/FINAL_MODEL/Jeep_Gladiator_2019_Grille7A_DiffuseAOSO.png
  artifactKey: Guid(9ce8484198d1162499c623d3bad06cfd) Importer(815301076,1909f56bfc062723c751e8b465ee728b)
Start importing Assets/external assets/Resources/FINAL_MODEL/Jeep_Gladiator_2019_Grille7A_DiffuseAOSO.png using Guid(9ce8484198d1162499c623d3bad06cfd) Importer(815301076,1909f56bfc062723c751e8b465ee728b)  -> (artifact id: '99a2637c62904ccd0c9629915c149b73') in 0.016617 seconds 
========================================================================
Received Import Request.
  Time since last request: 0.000024 seconds.
  path: Assets/external assets/Resources/FINAL_MODEL/Jeep_Gladiator_2019_Grille9A_Normal.png
  artifactKey: Guid(0336fa02e8f1abb43b4157f3162eff33) Importer(815301076,1909f56bfc062723c751e8b465ee728b)
Start importing Assets/external assets/Resources/FINAL_MODEL/Jeep_Gladiator_2019_Grille9A_Normal.png using Guid(0336fa02e8f1abb43b4157f3162eff33) Importer(815301076,1909f56bfc062723c751e8b465ee728b)  -> (artifact id: '6384e1fda508c3a6fac9a655c7ba3b60') in 0.042199 seconds 
========================================================================
Received Import Request.
  Time since last request: 0.000024 seconds.
  path: Assets/external assets/Resources/FINAL_MODEL/Jeep_Gladiator_2019_Grille6A_Normal.png
  artifactKey: Guid(b1ba3e80d8e658844b6c6eb1bf93f2be) Importer(815301076,1909f56bfc062723c751e8b465ee728b)
Start importing Assets/external assets/Resources/FINAL_MODEL/Jeep_Gladiator_2019_Grille6A_Normal.png using Guid(b1ba3e80d8e658844b6c6eb1bf93f2be) Importer(815301076,1909f56bfc062723c751e8b465ee728b)  -> (artifact id: 'edb3f1936c2126e153f965647061c54a') in 0.017434 seconds 
========================================================================
Received Import Request.
  Time since last request: 0.000028 seconds.
  path: Assets/external assets/Resources/FINAL_MODEL/Jeep_Gladiator_2019_Grille5A_DiffuseAOSO.png
  artifactKey: Guid(7c031a1b2b27f3240bf5d4165cb9f3ee) Importer(815301076,1909f56bfc062723c751e8b465ee728b)
Start importing Assets/external assets/Resources/FINAL_MODEL/Jeep_Gladiator_2019_Grille5A_DiffuseAOSO.png using Guid(7c031a1b2b27f3240bf5d4165cb9f3ee) Importer(815301076,1909f56bfc062723c751e8b465ee728b)  -> (artifact id: 'ec321951808a4bd829e43c6129d2bdec') in 0.017472 seconds 
========================================================================
Received Import Request.
  Time since last request: 0.000025 seconds.
  path: Assets/external assets/Resources/FINAL_MODEL/Global_Texture_Wheel_SpecularTint.png
  artifactKey: Guid(f17239cdfb02f5e428de651a0ba38d0a) Importer(815301076,1909f56bfc062723c751e8b465ee728b)
Start importing Assets/external assets/Resources/FINAL_MODEL/Global_Texture_Wheel_SpecularTint.png using Guid(f17239cdfb02f5e428de651a0ba38d0a) Importer(815301076,1909f56bfc062723c751e8b465ee728b)  -> (artifact id: '3fad3816bf9bc8e7919e506b0a5c8899') in 0.032800 seconds 
========================================================================
Received Import Request.
  Time since last request: 0.000037 seconds.
  path: Assets/external assets/Resources/FINAL_MODEL/Jeep_Gladiator_2019_LightA_Material.png
  artifactKey: Guid(f5add2b1363db3645ba2c426511cf8a9) Importer(815301076,1909f56bfc062723c751e8b465ee728b)
Start importing Assets/external assets/Resources/FINAL_MODEL/Jeep_Gladiator_2019_LightA_Material.png using Guid(f5add2b1363db3645ba2c426511cf8a9) Importer(815301076,1909f56bfc062723c751e8b465ee728b)  -> (artifact id: '1a70024f93502bd16330533e460bbd33') in 0.019812 seconds 
========================================================================
Received Import Request.
  Time since last request: 0.000021 seconds.
  path: Assets/external assets/Resources/FINAL_MODEL/Jeep_Gladiator_2019_EngineA_DiffuseAOSO.png
  artifactKey: Guid(0a153cbe67e9e134a8c0fe222191170f) Importer(815301076,1909f56bfc062723c751e8b465ee728b)
Start importing Assets/external assets/Resources/FINAL_MODEL/Jeep_Gladiator_2019_EngineA_DiffuseAOSO.png using Guid(0a153cbe67e9e134a8c0fe222191170f) Importer(815301076,1909f56bfc062723c751e8b465ee728b)  -> (artifact id: '10145cb45bab24debf346bf2dc3a73f7') in 0.021923 seconds 
========================================================================
Received Import Request.
  Time since last request: 0.000020 seconds.
  path: Assets/external assets/Resources/FINAL_MODEL/Jeep_Gladiator_2019_Grille2A_Material.png
  artifactKey: Guid(6b8a182424888404db0cd1c18f031366) Importer(815301076,1909f56bfc062723c751e8b465ee728b)
Start importing Assets/external assets/Resources/FINAL_MODEL/Jeep_Gladiator_2019_Grille2A_Material.png using Guid(6b8a182424888404db0cd1c18f031366) Importer(815301076,1909f56bfc062723c751e8b465ee728b)  -> (artifact id: 'c985ef35a8937a4cdb5f966b9774d175') in 0.033103 seconds 
========================================================================
Received Import Request.
  Time since last request: 0.000027 seconds.
  path: Assets/external assets/Resources/FINAL_MODEL/Jeep_Gladiator_2019_Grille3A_Normal.png
  artifactKey: Guid(ebaf7e4ba9a92e24d9305bfde682efcc) Importer(815301076,1909f56bfc062723c751e8b465ee728b)
Start importing Assets/external assets/Resources/FINAL_MODEL/Jeep_Gladiator_2019_Grille3A_Normal.png using Guid(ebaf7e4ba9a92e24d9305bfde682efcc) Importer(815301076,1909f56bfc062723c751e8b465ee728b)  -> (artifact id: 'b09fc686bb5b8004d94f103fa63e3946') in 0.015363 seconds 
========================================================================
Received Import Request.
  Time since last request: 0.000031 seconds.
  path: Assets/external assets/Resources/FINAL_MODEL/Jeep_Gladiator_2019_LicensePlateA_Emissive.png
  artifactKey: Guid(ae9e84b934b38d345be3b442bb4b2457) Importer(815301076,1909f56bfc062723c751e8b465ee728b)
Start importing Assets/external assets/Resources/FINAL_MODEL/Jeep_Gladiator_2019_LicensePlateA_Emissive.png using Guid(ae9e84b934b38d345be3b442bb4b2457) Importer(815301076,1909f56bfc062723c751e8b465ee728b)  -> (artifact id: '380978e1550c31d588a0b53158a147a7') in 0.018889 seconds 
========================================================================
Received Import Request.
  Time since last request: 0.000025 seconds.
  path: Assets/external assets/Resources/FINAL_MODEL/FINAL_MODEL.fbx
  artifactKey: Guid(68c4efe4c4aec2e46b2d1c0eb5f18623) Importer(815301076,1909f56bfc062723c751e8b465ee728b)
Start importing Assets/external assets/Resources/FINAL_MODEL/FINAL_MODEL.fbx using Guid(68c4efe4c4aec2e46b2d1c0eb5f18623) Importer(815301076,1909f56bfc062723c751e8b465ee728b)  -> (artifact id: '0a45be5779d586f61958edc4bcc4fa88') in 6.957412 seconds 
========================================================================
Received Import Request.
  Time since last request: 18.453277 seconds.
  path: Assets/external assets/Resources/FINAL_MODEL/FINAL_MODEL.fbx
  artifactKey: Guid(68c4efe4c4aec2e46b2d1c0eb5f18623) Importer(815301076,1909f56bfc062723c751e8b465ee728b)
Start importing Assets/external assets/Resources/FINAL_MODEL/FINAL_MODEL.fbx using Guid(68c4efe4c4aec2e46b2d1c0eb5f18623) Importer(815301076,1909f56bfc062723c751e8b465ee728b)  -> (artifact id: '62ec96d37065040fbb845f0d7883f6e5') in 5.957970 seconds 
========================================================================
Received Import Request.
  Time since last request: 11.368433 seconds.
  path: Assets/external assets/Resources/FINAL_MODEL/FINAL_MODEL.fbx
  artifactKey: Guid(68c4efe4c4aec2e46b2d1c0eb5f18623) Importer(815301076,1909f56bfc062723c751e8b465ee728b)
Start importing Assets/external assets/Resources/FINAL_MODEL/FINAL_MODEL.fbx using Guid(68c4efe4c4aec2e46b2d1c0eb5f18623) Importer(815301076,1909f56bfc062723c751e8b465ee728b)  -> (artifact id: 'eeaf67d631852836f194518a8d1bb7f7') in 5.662558 seconds 
========================================================================
Received Import Request.
  Time since last request: 45.167393 seconds.
  path: Assets/external assets/Resources/FINAL_MODEL/car_material
  artifactKey: Guid(63b438bde5fea4843be2387e0d0eb338) Importer(815301076,1909f56bfc062723c751e8b465ee728b)
Start importing Assets/external assets/Resources/FINAL_MODEL/car_material using Guid(63b438bde5fea4843be2387e0d0eb338) Importer(815301076,1909f56bfc062723c751e8b465ee728b)  -> (artifact id: '1c55ebc916038ea0c2ed2b2228079ee2') in 0.013205 seconds 
========================================================================
Received Import Request.
  Time since last request: 0.096614 seconds.
  path: Assets/external assets/Resources/FINAL_MODEL/car_material/Jeep_GladiatorRewardRecycled_2019_CallipersCalliperA_Zone_Material.mat
  artifactKey: Guid(e6889daeb391b944894311d230f39bff) Importer(815301076,1909f56bfc062723c751e8b465ee728b)
Start importing Assets/external assets/Resources/FINAL_MODEL/car_material/Jeep_GladiatorRewardRecycled_2019_CallipersCalliperA_Zone_Material.mat using Guid(e6889daeb391b944894311d230f39bff) Importer(815301076,1909f56bfc062723c751e8b465ee728b)  -> (artifact id: '6e5ec66f4cff83e110678f08ef90d03e') in 0.102569 seconds 
========================================================================
Received Import Request.
  Time since last request: 0.000029 seconds.
  path: Assets/external assets/Resources/FINAL_MODEL/car_material/Jeep_GladiatorRewardRecycled_2019Grille6A_Material.mat
  artifactKey: Guid(1e9c867ed21c878499751151f85df858) Importer(815301076,1909f56bfc062723c751e8b465ee728b)
Start importing Assets/external assets/Resources/FINAL_MODEL/car_material/Jeep_GladiatorRewardRecycled_2019Grille6A_Material.mat using Guid(1e9c867ed21c878499751151f85df858) Importer(815301076,1909f56bfc062723c751e8b465ee728b)  -> (artifact id: '122f5a37ec2899456a41eff82b9fb6a2') in 0.021459 seconds 
========================================================================
Received Import Request.
  Time since last request: 0.000020 seconds.
  path: Assets/external assets/Resources/FINAL_MODEL/car_material/Jeep_GladiatorRewardRecycled_2019LicensePlateDefault_Material.mat
  artifactKey: Guid(190db3b710cc7774ca0e8ab97cf7d7a0) Importer(815301076,1909f56bfc062723c751e8b465ee728b)
Start importing Assets/external assets/Resources/FINAL_MODEL/car_material/Jeep_GladiatorRewardRecycled_2019LicensePlateDefault_Material.mat using Guid(190db3b710cc7774ca0e8ab97cf7d7a0) Importer(815301076,1909f56bfc062723c751e8b465ee728b)  -> (artifact id: 'fcfc884e39c42fa4af595a89ed5b21a1') in 0.020689 seconds 
========================================================================
Received Import Request.
  Time since last request: 0.000027 seconds.
  path: Assets/external assets/Resources/FINAL_MODEL/car_material/Jeep_GladiatorRewardRecycled_2019EngineA_Material.mat
  artifactKey: Guid(d0fded44a17da2d419169d8d57929eb9) Importer(815301076,1909f56bfc062723c751e8b465ee728b)
Start importing Assets/external assets/Resources/FINAL_MODEL/car_material/Jeep_GladiatorRewardRecycled_2019EngineA_Material.mat using Guid(d0fded44a17da2d419169d8d57929eb9) Importer(815301076,1909f56bfc062723c751e8b465ee728b)  -> (artifact id: 'f42d99dbdc023fe6e800289b4dab2d0d') in 0.025047 seconds 
========================================================================
Received Import Request.
  Time since last request: 0.000027 seconds.
  path: Assets/external assets/Resources/FINAL_MODEL/car_material/Jeep_GladiatorRewardRecycled_2019ManufacturerPlateA_Material.mat
  artifactKey: Guid(6ac64a75842bd0d4a8c7fc783126e653) Importer(815301076,1909f56bfc062723c751e8b465ee728b)
Start importing Assets/external assets/Resources/FINAL_MODEL/car_material/Jeep_GladiatorRewardRecycled_2019ManufacturerPlateA_Material.mat using Guid(6ac64a75842bd0d4a8c7fc783126e653) Importer(815301076,1909f56bfc062723c751e8b465ee728b)  -> (artifact id: '11f5526dc37845306d07e06fa09179de') in 0.021317 seconds 
========================================================================
Received Import Request.
  Time since last request: 0.000078 seconds.
  path: Assets/external assets/Resources/FINAL_MODEL/car_material/Jeep_GladiatorRewardRecycled_2019InteriorB_Material.mat
  artifactKey: Guid(f078de7259a88d846bb1d3c8128f04cb) Importer(815301076,1909f56bfc062723c751e8b465ee728b)
Start importing Assets/external assets/Resources/FINAL_MODEL/car_material/Jeep_GladiatorRewardRecycled_2019InteriorB_Material.mat using Guid(f078de7259a88d846bb1d3c8128f04cb) Importer(815301076,1909f56bfc062723c751e8b465ee728b)  -> (artifact id: '12c5ece325d9603332dc2debf1b8b5ba') in 0.029428 seconds 
========================================================================
Received Import Request.
  Time since last request: 0.000023 seconds.
  path: Assets/external assets/Resources/FINAL_MODEL/car_material/Jeep_GladiatorRewardRecycled_2019Grille5A_Material.mat
  artifactKey: Guid(8e877de57a1b07347b2b587f224ad6ee) Importer(815301076,1909f56bfc062723c751e8b465ee728b)
Start importing Assets/external assets/Resources/FINAL_MODEL/car_material/Jeep_GladiatorRewardRecycled_2019Grille5A_Material.mat using Guid(8e877de57a1b07347b2b587f224ad6ee) Importer(815301076,1909f56bfc062723c751e8b465ee728b)  -> (artifact id: 'dd0323553c7b1b978ebfa5c85b699139') in 0.022293 seconds 
========================================================================
Received Import Request.
  Time since last request: 0.000066 seconds.
  path: Assets/external assets/Resources/FINAL_MODEL/car_material/Jeep_GladiatorRewardRecycled_2019BadgeB_Material.mat
  artifactKey: Guid(6f73132b17426e94e94d061a9594cc8a) Importer(815301076,1909f56bfc062723c751e8b465ee728b)
Start importing Assets/external assets/Resources/FINAL_MODEL/car_material/Jeep_GladiatorRewardRecycled_2019BadgeB_Material.mat using Guid(6f73132b17426e94e94d061a9594cc8a) Importer(815301076,1909f56bfc062723c751e8b465ee728b)  -> (artifact id: '71849fe0b295193649963c71fa591cba') in 0.033378 seconds 
========================================================================
Received Import Request.
  Time since last request: 0.000020 seconds.
  path: Assets/external assets/Resources/FINAL_MODEL/car_material/Jeep_GladiatorRewardRecycled_2019Grille2A_Material.mat
  artifactKey: Guid(922e37ca59936a04e8adf74fb55d331e) Importer(815301076,1909f56bfc062723c751e8b465ee728b)
Start importing Assets/external assets/Resources/FINAL_MODEL/car_material/Jeep_GladiatorRewardRecycled_2019Grille2A_Material.mat using Guid(922e37ca59936a04e8adf74fb55d331e) Importer(815301076,1909f56bfc062723c751e8b465ee728b)  -> (artifact id: '9fb79157273a91ab359e073c73e9d006') in 0.019609 seconds 
========================================================================
Received Import Request.
  Time since last request: 0.000021 seconds.
  path: Assets/external assets/Resources/FINAL_MODEL/car_material/Jeep_GladiatorRewardRecycled_2019Window_Material.mat
  artifactKey: Guid(a625b333c06d222468f004bb2a6ba531) Importer(815301076,1909f56bfc062723c751e8b465ee728b)
Start importing Assets/external assets/Resources/FINAL_MODEL/car_material/Jeep_GladiatorRewardRecycled_2019Window_Material.mat using Guid(a625b333c06d222468f004bb2a6ba531) Importer(815301076,1909f56bfc062723c751e8b465ee728b)  -> (artifact id: 'ea707b552af58f72865930f1f80a4d50') in 0.016576 seconds 
========================================================================
Received Import Request.
  Time since last request: 0.000026 seconds.
  path: Assets/external assets/Resources/FINAL_MODEL/car_material/Jeep_GladiatorRewardRecycled_2019InteriorTillingA_Material.mat
  artifactKey: Guid(83a36304a9c13664f904b406960884b1) Importer(815301076,1909f56bfc062723c751e8b465ee728b)
Start importing Assets/external assets/Resources/FINAL_MODEL/car_material/Jeep_GladiatorRewardRecycled_2019InteriorTillingA_Material.mat using Guid(83a36304a9c13664f904b406960884b1) Importer(815301076,1909f56bfc062723c751e8b465ee728b)  -> (artifact id: '45f953748da0de5110aefba409c350da') in 0.018726 seconds 
========================================================================
Received Import Request.
  Time since last request: 0.000026 seconds.
  path: Assets/external assets/Resources/FINAL_MODEL/car_material/ORANGE_GLASS.mat
  artifactKey: Guid(ab4c40d72e74d7445867f355396ef0ab) Importer(815301076,1909f56bfc062723c751e8b465ee728b)
Start importing Assets/external assets/Resources/FINAL_MODEL/car_material/ORANGE_GLASS.mat using Guid(ab4c40d72e74d7445867f355396ef0ab) Importer(815301076,1909f56bfc062723c751e8b465ee728b)  -> (artifact id: '97213256e6b8c7b6b71a4998133394d3') in 0.047015 seconds 
========================================================================
Received Import Request.
  Time since last request: 146.832922 seconds.
  path: Assets/external assets/Resources/FINAL_MODEL/car_material/Jeep_GladiatorRewardRecycled_2019_CallipersCalliperA_Zone_Material.mat
  artifactKey: Guid(e6889daeb391b944894311d230f39bff) Importer(815301076,1909f56bfc062723c751e8b465ee728b)
Start importing Assets/external assets/Resources/FINAL_MODEL/car_material/Jeep_GladiatorRewardRecycled_2019_CallipersCalliperA_Zone_Material.mat using Guid(e6889daeb391b944894311d230f39bff) Importer(815301076,1909f56bfc062723c751e8b465ee728b)  -> (artifact id: 'db5996f77311d2d717943d1e783a9412') in 0.023738 seconds 
========================================================================
Received Import Request.
  Time since last request: 0.000021 seconds.
  path: Assets/external assets/Resources/FINAL_MODEL/car_material/Jeep_GladiatorRewardRecycled_2019Paint_Material.mat
  artifactKey: Guid(a5b0999e1d505b144a50780debad544b) Importer(815301076,1909f56bfc062723c751e8b465ee728b)
Start importing Assets/external assets/Resources/FINAL_MODEL/car_material/Jeep_GladiatorRewardRecycled_2019Paint_Material.mat using Guid(a5b0999e1d505b144a50780debad544b) Importer(815301076,1909f56bfc062723c751e8b465ee728b)  -> (artifact id: 'af9d971fc00b6c7753feffd51bd6c64c') in 0.037992 seconds 
========================================================================
Received Import Request.
  Time since last request: 0.000066 seconds.
  path: Assets/external assets/Resources/FINAL_MODEL/car_material/Jeep_GladiatorRewardRecycled_2019Grille6A_Material.mat
  artifactKey: Guid(1e9c867ed21c878499751151f85df858) Importer(815301076,1909f56bfc062723c751e8b465ee728b)
Start importing Assets/external assets/Resources/FINAL_MODEL/car_material/Jeep_GladiatorRewardRecycled_2019Grille6A_Material.mat using Guid(1e9c867ed21c878499751151f85df858) Importer(815301076,1909f56bfc062723c751e8b465ee728b)  -> (artifact id: 'f10effebfca6fef74a611fd9a9fccd28') in 0.025806 seconds 
========================================================================
Received Import Request.
  Time since last request: 0.000025 seconds.
  path: Assets/external assets/Resources/FINAL_MODEL/car_material/Jeep_GladiatorRewardRecycled_2019LicensePlateDefault_Material.mat
  artifactKey: Guid(190db3b710cc7774ca0e8ab97cf7d7a0) Importer(815301076,1909f56bfc062723c751e8b465ee728b)
Start importing Assets/external assets/Resources/FINAL_MODEL/car_material/Jeep_GladiatorRewardRecycled_2019LicensePlateDefault_Material.mat using Guid(190db3b710cc7774ca0e8ab97cf7d7a0) Importer(815301076,1909f56bfc062723c751e8b465ee728b)  -> (artifact id: '039cc2ab71448db9ab96f06422a9fb88') in 0.025914 seconds 
========================================================================
Received Import Request.
  Time since last request: 0.000028 seconds.
  path: Assets/external assets/Resources/FINAL_MODEL/car_material/RED_GLASS.mat
  artifactKey: Guid(e686603b56b18a74a9dc5e8126c9c0da) Importer(815301076,1909f56bfc062723c751e8b465ee728b)
Start importing Assets/external assets/Resources/FINAL_MODEL/car_material/RED_GLASS.mat using Guid(e686603b56b18a74a9dc5e8126c9c0da) Importer(815301076,1909f56bfc062723c751e8b465ee728b)  -> (artifact id: '48afdc4581c105d2b7f371c54511f275') in 0.017784 seconds 
========================================================================
Received Import Request.
  Time since last request: 0.000021 seconds.
  path: Assets/external assets/Resources/FINAL_MODEL/car_material/Jeep_GladiatorRewardRecycled_2019ManufacturerPlateA_Material.mat
  artifactKey: Guid(6ac64a75842bd0d4a8c7fc783126e653) Importer(815301076,1909f56bfc062723c751e8b465ee728b)
Start importing Assets/external assets/Resources/FINAL_MODEL/car_material/Jeep_GladiatorRewardRecycled_2019ManufacturerPlateA_Material.mat using Guid(6ac64a75842bd0d4a8c7fc783126e653) Importer(815301076,1909f56bfc062723c751e8b465ee728b)  -> (artifact id: '6a808737eb728ccba7839070793d5abd') in 0.019169 seconds 
========================================================================
Received Import Request.
  Time since last request: 0.000018 seconds.
  path: Assets/external assets/Resources/FINAL_MODEL/car_material/Jeep_GladiatorRewardRecycled_2019InteriorB_Material.mat
  artifactKey: Guid(f078de7259a88d846bb1d3c8128f04cb) Importer(815301076,1909f56bfc062723c751e8b465ee728b)
Start importing Assets/external assets/Resources/FINAL_MODEL/car_material/Jeep_GladiatorRewardRecycled_2019InteriorB_Material.mat using Guid(f078de7259a88d846bb1d3c8128f04cb) Importer(815301076,1909f56bfc062723c751e8b465ee728b)  -> (artifact id: '647a00b21e7b2c51538e20ea5e4d0639') in 0.024608 seconds 
========================================================================
Received Import Request.
  Time since last request: 0.000027 seconds.
  path: Assets/external assets/Resources/FINAL_MODEL/car_material/Jeep_GladiatorRewardRecycled_2019Grille5A_Material.mat
  artifactKey: Guid(8e877de57a1b07347b2b587f224ad6ee) Importer(815301076,1909f56bfc062723c751e8b465ee728b)
Start importing Assets/external assets/Resources/FINAL_MODEL/car_material/Jeep_GladiatorRewardRecycled_2019Grille5A_Material.mat using Guid(8e877de57a1b07347b2b587f224ad6ee) Importer(815301076,1909f56bfc062723c751e8b465ee728b)  -> (artifact id: 'a625b650d6fc5eac1c2b8b91599e5171') in 0.016883 seconds 
========================================================================
Received Import Request.
  Time since last request: 0.000019 seconds.
  path: Assets/external assets/Resources/FINAL_MODEL/car_material/Jeep_GladiatorRewardRecycled_2019BadgeB_Material.mat
  artifactKey: Guid(6f73132b17426e94e94d061a9594cc8a) Importer(815301076,1909f56bfc062723c751e8b465ee728b)
Start importing Assets/external assets/Resources/FINAL_MODEL/car_material/Jeep_GladiatorRewardRecycled_2019BadgeB_Material.mat using Guid(6f73132b17426e94e94d061a9594cc8a) Importer(815301076,1909f56bfc062723c751e8b465ee728b)  -> (artifact id: '86a3452169befa90d64261f3c3a0a79f') in 0.044917 seconds 
========================================================================
Received Import Request.
  Time since last request: 0.000024 seconds.
  path: Assets/external assets/Resources/FINAL_MODEL/car_material/Jeep_GladiatorRewardRecycled_2019Grille8A_Material.mat
  artifactKey: Guid(0228a8d2fe305f147beffa07b0a3d769) Importer(815301076,1909f56bfc062723c751e8b465ee728b)
Start importing Assets/external assets/Resources/FINAL_MODEL/car_material/Jeep_GladiatorRewardRecycled_2019Grille8A_Material.mat using Guid(0228a8d2fe305f147beffa07b0a3d769) Importer(815301076,1909f56bfc062723c751e8b465ee728b)  -> (artifact id: '3984ebcd892d48f7f73c01e123d09da1') in 0.015772 seconds 
========================================================================
Received Import Request.
  Time since last request: 0.000040 seconds.
  path: Assets/external assets/Resources/FINAL_MODEL/car_material/Jeep_GladiatorRewardRecycled_2019Grille4A_Material.mat
  artifactKey: Guid(1a8eb4ed411d0e542959618d6511a058) Importer(815301076,1909f56bfc062723c751e8b465ee728b)
Start importing Assets/external assets/Resources/FINAL_MODEL/car_material/Jeep_GladiatorRewardRecycled_2019Grille4A_Material.mat using Guid(1a8eb4ed411d0e542959618d6511a058) Importer(815301076,1909f56bfc062723c751e8b465ee728b)  -> (artifact id: 'cd38c213cc79e2564a0d2ba76568a0a5') in 0.020294 seconds 
========================================================================
Received Import Request.
  Time since last request: 0.000024 seconds.
  path: Assets/external assets/Resources/FINAL_MODEL/car_material/Jeep_GladiatorRewardRecycled_2019Grille1A_Material.mat
  artifactKey: Guid(39232af444c842f47bc59f86d00571c0) Importer(815301076,1909f56bfc062723c751e8b465ee728b)
Start importing Assets/external assets/Resources/FINAL_MODEL/car_material/Jeep_GladiatorRewardRecycled_2019Grille1A_Material.mat using Guid(39232af444c842f47bc59f86d00571c0) Importer(815301076,1909f56bfc062723c751e8b465ee728b)  -> (artifact id: '9340059f6de38026d6812b8da38980a8') in 0.018240 seconds 
========================================================================
Received Prepare
Registering precompiled user dll's ...
Registered in 0.011610 seconds.
Begin MonoManager ReloadAssembly
Symbol file LoadedFromMemory doesn't match image D:\Unity Projects\VR Fire extinguisher pro\Library\PackageCache\com.unity.visualscripting@1.7.8\Editor\VisualScripting.Core\Dependencies\DotNetZip\Unity.VisualScripting.IonicZip.dll
Symbol file LoadedFromMemory doesn't match image D:\Unity Projects\VR Fire extinguisher pro\Library\PackageCache\com.unity.visualscripting@1.7.8\Editor\VisualScripting.Core\Dependencies\YamlDotNet\Unity.VisualScripting.YamlDotNet.dll
Native extension for UWP target not found
Native extension for WindowsStandalone target not found
Failed to load: D:/Unity Engines/Unity Editors/unity 2021.3.20f1/2021.3.20f1/Editor/Data/PlaybackEngines/iOSSupport\x64\UnityEditor.iOS.Native.dll
Native extension for iOS target not found
Native extension for Android target not found
Native extension for WebGL target not found
Refreshing native plugins compatible for Editor in 2.71 ms, found 12 plugins.
Preloading 1 native plugins for Editor in 0.20 ms.
System.Reflection.TargetInvocationException: Exception has been thrown by the target of an invocation. ---> System.NullReferenceException: Object reference not set to an instance of an object
  at Unity.XR.Oculus.OculusLoader.AssetPathToAbsolutePath (System.String assetPath) [0x00041] in D:\Unity Projects\VR Fire extinguisher pro\Library\PackageCache\com.unity.xr.oculus@3.2.3\Runtime\OculusLoader.cs:296 
  at Unity.XR.Oculus.OculusLoader.EditorLoadOVRPlugin () [0x000b0] in D:\Unity Projects\VR Fire extinguisher pro\Library\PackageCache\com.unity.xr.oculus@3.2.3\Runtime\OculusLoader.cs:281 
  at (wrapper managed-to-native) System.Reflection.RuntimeMethodInfo.InternalInvoke(System.Reflection.RuntimeMethodInfo,object,object[],System.Exception&)
  at System.Reflection.RuntimeMethodInfo.Invoke (System.Object obj, System.Reflection.BindingFlags invokeAttr, System.Reflection.Binder binder, System.Object[] parameters, System.Globalization.CultureInfo culture) [0x0006a] in <88e4733ac7bc4ae1b496735e6b83bbd3>:0 
   --- End of inner exception stack trace ---
  at System.Reflection.RuntimeMethodInfo.Invoke (System.Object obj, System.Reflection.BindingFlags invokeAttr, System.Reflection.Binder binder, System.Object[] parameters, System.Globalization.CultureInfo culture) [0x00083] in <88e4733ac7bc4ae1b496735e6b83bbd3>:0 
  at System.Reflection.MethodBase.Invoke (System.Object obj, System.Object[] parameters) [0x00000] in <88e4733ac7bc4ae1b496735e6b83bbd3>:0 
  at UnityEditor.EditorAssemblies.ProcessInitializeOnLoadMethodAttributes () [0x000a5] in <6e08e61cfda04255b3972ba7f0515fae>:0 
UnityEngine.StackTraceUtility:ExtractStackTrace ()
UnityEngine.DebugLogHandler:LogFormat (UnityEngine.LogType,UnityEngine.Object,string,object[])
UnityEngine.Logger:Log (UnityEngine.LogType,object)
UnityEngine.Debug:LogError (object)
UnityEditor.EditorAssemblies:ProcessInitializeOnLoadMethodAttributes ()

Mono: successfully reloaded assembly
- Completed reload, in  2.840 seconds
Domain Reload Profiling:
	ReloadAssembly (2853ms)
		BeginReloadAssembly (877ms)
			ExecutionOrderSort (0ms)
			DisableScriptedObjects (48ms)
			BackupInstance (0ms)
			ReleaseScriptingObjects (0ms)
			CreateAndSetChildDomain (460ms)
		EndReloadAssembly (1780ms)
			LoadAssemblies (228ms)
			RebuildTransferFunctionScriptingTraits (0ms)
			SetupTypeCache (622ms)
			ReleaseScriptCaches (3ms)
			RebuildScriptCaches (185ms)
			SetupLoadedEditorAssemblies (732ms)
				LogAssemblyErrors (0ms)
				InitializePlatformSupportModulesInManaged (52ms)
				SetLoadedEditorAssemblies (1ms)
				RefreshPlugins (3ms)
				BeforeProcessingInitializeOnLoad (131ms)
				ProcessInitializeOnLoadAttributes (481ms)
				ProcessInitializeOnLoadMethodAttributes (58ms)
				AfterProcessingInitializeOnLoad (5ms)
				EditorAssembliesLoaded (0ms)
			ExecutionOrderSort2 (0ms)
			AwakeInstancesAfterBackupRestoration (10ms)
Platform modules already initialized, skipping
Shader 'SH_Vefects_VFX_URP_Heat_Haze_01': fallback shader 'Hidden/Shader Graph/FallbackError' not found
Shader 'SH_Vefects_VFX_URP_Particles_Erosion_01': fallback shader 'Hidden/Shader Graph/FallbackError' not found
Shader 'Custom/AdditiveTintable': fallback shader 'Particles/Additive (Soft)' not found
Shader 'SH_Vefects_VFX_URP_Particles_Erosion_01': fallback shader 'Hidden/Shader Graph/FallbackError' not found
Shader 'SH_Vefects_VFX_URP_Heat_Haze_01': fallback shader 'Hidden/Shader Graph/FallbackError' not found
Refreshing native plugins compatible for Editor in 7.79 ms, found 12 plugins.
Preloading 1 native plugins for Editor in 0.08 ms.
Unloading 4441 Unused Serialized files (Serialized files now loaded: 0)
Unloading 45 unused Assets / (447.8 KB). Loaded Objects now: 5062.
Memory consumption went from 250.3 MB to 249.8 MB.
Total: 6.999400 ms (FindLiveObjects: 0.754000 ms CreateObjectMapping: 0.558300 ms MarkObjects: 5.396800 ms  DeleteObjects: 0.288900 ms)

AssetImportParameters requested are different than current active one (requested -> active):
  custom:video-decoder-ogg-theora: a1e56fd34408186e4bbccfd4996cb3dc -> 
  custom:container-muxer-webm: aa71ff27fc2769a1b78a27578f13a17b -> 
  custom:container-demuxer-webm: 4f35f7cbe854078d1ac9338744f61a02 -> 
  custom:video-encoder-webm-vp8: eb34c28f22e8b96e1ab97ce403110664 -> 
  custom:audio-encoder-webm-vorbis: bf7c407c2cedff20999df2af8eb42d56 -> 
  custom:framework-win-MediaFoundation: 216162199b28c13a410421893ffa2e32 -> 
  custom:container-demuxer-ogg: 62fdf1f143b41e24485cea50d1cbac27 -> 
  custom:video-decoder-webm-vp8: 9c59270c3fd7afecdb556c50c9e8de78 -> 
  custom:audio-decoder-ogg-vorbis: bf7c407c2cedff20999df2af8eb42d56 -> 
========================================================================
Received Import Request.
  Time since last request: 2378.491160 seconds.
  path: Assets/external assets/Resources/FINAL_MODEL/FINAL_MODEL.fbx
  artifactKey: Guid(68c4efe4c4aec2e46b2d1c0eb5f18623) Importer(815301076,1909f56bfc062723c751e8b465ee728b)
Start importing Assets/external assets/Resources/FINAL_MODEL/FINAL_MODEL.fbx using Guid(68c4efe4c4aec2e46b2d1c0eb5f18623) Importer(815301076,1909f56bfc062723c751e8b465ee728b)  -> (artifact id: '29531088b2862ea2d91f8d09680a34c7') in 6.540089 seconds 
========================================================================
Received Import Request.
  Time since last request: 48.289158 seconds.
  path: Assets/external assets/Resources/FINAL_MODEL/Jeep Gladiator.rar
  artifactKey: Guid(9c7993746b132bf4a978a45acc7a0ee2) Importer(815301076,1909f56bfc062723c751e8b465ee728b)
Start importing Assets/external assets/Resources/FINAL_MODEL/Jeep Gladiator.rar using Guid(9c7993746b132bf4a978a45acc7a0ee2) Importer(815301076,1909f56bfc062723c751e8b465ee728b)  -> (artifact id: '726c1c95811961e0d60735003b2c521d') in 0.030737 seconds 
========================================================================
Received Import Request.
  Time since last request: 621.315751 seconds.
  path: Assets/external assets/Resources/Materials/2.mat
  artifactKey: Guid(85e70c3ed204a43eebfb12cc39f4130b) Importer(815301076,1909f56bfc062723c751e8b465ee728b)
Start importing Assets/external assets/Resources/Materials/2.mat using Guid(85e70c3ed204a43eebfb12cc39f4130b) Importer(815301076,1909f56bfc062723c751e8b465ee728b)  -> (artifact id: '315cca89f625a4e791908e18a3d09a68') in 0.042248 seconds 
========================================================================
Received Import Request.
  Time since last request: 0.000023 seconds.
  path: Assets/external assets/Resources/Materials/Dark_shader_f.mat
  artifactKey: Guid(5171a295ab80b490a9427996e030e979) Importer(815301076,1909f56bfc062723c751e8b465ee728b)
Start importing Assets/external assets/Resources/Materials/Dark_shader_f.mat using Guid(5171a295ab80b490a9427996e030e979) Importer(815301076,1909f56bfc062723c751e8b465ee728b)  -> (artifact id: '665c3ad8a813f15db46351ee6f1741e2') in 0.033043 seconds 
========================================================================
Received Import Request.
  Time since last request: 0.000026 seconds.
  path: Assets/external assets/Resources/Materials/.mat
  artifactKey: Guid(40bef92934ded334aabe6b73a484189d) Importer(815301076,1909f56bfc062723c751e8b465ee728b)
Start importing Assets/external assets/Resources/Materials/.mat using Guid(40bef92934ded334aabe6b73a484189d) Importer(815301076,1909f56bfc062723c751e8b465ee728b)  -> (artifact id: 'f1f6826f362d92d8f7246c0cc453cfcf') in 0.030658 seconds 
AssetImportWorkerClient::OnTransportError - code=10054 error=An existing connection was forcibly closed by the remote host.
